{"/home/prado/test-rastro/api-rastro-urbano/src/app.ts": {"path":"/home/prado/test-rastro/api-rastro-urbano/src/app.ts","statementMap":{"0":{"start":{"line":1,"column":0},"end":{"line":1,"column":30}},"1":{"start":{"line":2,"column":0},"end":{"line":2,"column":24}},"2":{"start":{"line":3,"column":0},"end":{"line":3,"column":14}},"3":{"start":{"line":5,"column":0},"end":{"line":5,"column":44}},"4":{"start":{"line":6,"column":0},"end":{"line":6,"column":44}},"5":{"start":{"line":7,"column":0},"end":{"line":7,"column":28}},"6":{"start":{"line":9,"column":0},"end":{"line":9,"column":16}},"7":{"start":{"line":11,"column":12},"end":{"line":11,"column":21}},"8":{"start":{"line":13,"column":0},"end":{"line":13,"column":31}},"9":{"start":{"line":14,"column":0},"end":{"line":14,"column":24}},"10":{"start":{"line":15,"column":0},"end":{"line":15,"column":48}},"11":{"start":{"line":17,"column":0},"end":{"line":17,"column":31}},"12":{"start":{"line":18,"column":0},"end":{"line":18,"column":31}},"13":{"start":{"line":20,"column":13},"end":{"line":20,"column":37}},"14":{"start":{"line":22,"column":0},"end":{"line":24,"column":3}},"15":{"start":{"line":23,"column":2},"end":{"line":23,"column":51}},"16":{"start":{"line":26,"column":0},"end":{"line":26,"column":19}}},"fnMap":{"0":{"name":"(anonymous_1)","decl":{"start":{"line":22,"column":17},"end":{"line":22,"column":20}},"loc":{"start":{"line":22,"column":22},"end":{"line":24,"column":1}}}},"branchMap":{"0":{"loc":{"start":{"line":20,"column":13},"end":{"line":20,"column":37}},"type":"binary-expr","locations":[{"start":{"line":20,"column":13},"end":{"line":20,"column":29}},{"start":{"line":20,"column":33},"end":{"line":20,"column":37}}]}},"s":{"0":1,"1":1,"2":1,"3":1,"4":1,"5":1,"6":1,"7":1,"8":1,"9":1,"10":1,"11":1,"12":1,"13":1,"14":1,"15":1,"16":1},"f":{"0":1},"b":{"0":[1,0]}}
,"/home/prado/test-rastro/api-rastro-urbano/src/db.ts": {"path":"/home/prado/test-rastro/api-rastro-urbano/src/db.ts","statementMap":{"0":{"start":{"line":1,"column":0},"end":{"line":1,"column":32}},"1":{"start":{"line":2,"column":0},"end":{"line":2,"column":28}},"2":{"start":{"line":4,"column":0},"end":{"line":4,"column":16}},"3":{"start":{"line":6,"column":0},"end":{"line":6,"column":34}},"4":{"start":{"line":9,"column":2},"end":{"line":9,"column":58}},"5":{"start":{"line":10,"column":2},"end":{"line":10,"column":40}},"6":{"start":{"line":13,"column":0},"end":{"line":13,"column":40}},"7":{"start":{"line":13,"column":22},"end":{"line":13,"column":38}},"8":{"start":{"line":15,"column":0},"end":{"line":15,"column":20}}},"fnMap":{"0":{"name":"main","decl":{"start":{"line":8,"column":15},"end":{"line":8,"column":19}},"loc":{"start":{"line":8,"column":19},"end":{"line":11,"column":null}}},"1":{"name":"(anonymous_10)","decl":{"start":{"line":13,"column":13},"end":{"line":13,"column":14}},"loc":{"start":{"line":13,"column":22},"end":{"line":13,"column":38}}}},"branchMap":{},"s":{"0":1,"1":1,"2":1,"3":1,"4":1,"5":0,"6":1,"7":0,"8":1},"f":{"0":1,"1":0},"b":{}}
,"/home/prado/test-rastro/api-rastro-urbano/src/firebase.ts": {"path":"/home/prado/test-rastro/api-rastro-urbano/src/firebase.ts","statementMap":{"0":{"start":{"line":1,"column":0},"end":{"line":1,"column":35}},"1":{"start":{"line":2,"column":0},"end":{"line":2,"column":62}},"2":{"start":{"line":4,"column":0},"end":{"line":7,"column":3}},"3":{"start":{"line":9,"column":15},"end":{"line":9,"column":39}},"4":{"start":{"line":11,"column":0},"end":{"line":11,"column":22}}},"fnMap":{},"branchMap":{},"s":{"0":3,"1":3,"2":3,"3":3,"4":3},"f":{},"b":{}}
,"/home/prado/test-rastro/api-rastro-urbano/src/auth/jwtService.ts": {"path":"/home/prado/test-rastro/api-rastro-urbano/src/auth/jwtService.ts","statementMap":{"0":{"start":{"line":1,"column":0},"end":{"line":1,"column":31}},"1":{"start":{"line":3,"column":22},"end":{"line":5,"column":1}},"2":{"start":{"line":4,"column":2},"end":{"line":4,"column":64}},"3":{"start":{"line":11,"column":9},"end":{"line":11,"column":22}},"4":{"start":{"line":7,"column":20},"end":{"line":9,"column":1}},"5":{"start":{"line":8,"column":2},"end":{"line":8,"column":40}},"6":{"start":{"line":11,"column":24},"end":{"line":11,"column":35}}},"fnMap":{"0":{"name":"(anonymous_1)","decl":{"start":{"line":3,"column":22},"end":{"line":3,"column":23}},"loc":{"start":{"line":3,"column":41},"end":{"line":5,"column":1}}},"1":{"name":"(anonymous_2)","decl":{"start":{"line":7,"column":20},"end":{"line":7,"column":21}},"loc":{"start":{"line":7,"column":38},"end":{"line":9,"column":1}}}},"branchMap":{},"s":{"0":2,"1":2,"2":1,"3":2,"4":2,"5":0,"6":2},"f":{"0":1,"1":0},"b":{}}
,"/home/prado/test-rastro/api-rastro-urbano/src/controllers/arteController.ts": {"path":"/home/prado/test-rastro/api-rastro-urbano/src/controllers/arteController.ts","statementMap":{"0":{"start":{"line":1,"column":0},"end":{"line":1,"column":34}},"1":{"start":{"line":3,"column":0},"end":{"line":3,"column":67}},"2":{"start":{"line":5,"column":22},"end":{"line":30,"column":2}},"3":{"start":{"line":5,"column":60},"end":{"line":30,"column":2}},"4":{"start":{"line":6,"column":2},"end":{"line":29,"column":3}},"5":{"start":{"line":7,"column":68},"end":{"line":7,"column":76}},"6":{"start":{"line":8,"column":34},"end":{"line":8,"column":51}},"7":{"start":{"line":10,"column":4},"end":{"line":12,"column":5}},"8":{"start":{"line":11,"column":6},"end":{"line":11,"column":78}},"9":{"start":{"line":14,"column":17},"end":{"line":22,"column":6}},"10":{"start":{"line":24,"column":4},"end":{"line":24,"column":22}},"11":{"start":{"line":25,"column":4},"end":{"line":25,"column":31}},"12":{"start":{"line":27,"column":4},"end":{"line":27,"column":51}},"13":{"start":{"line":28,"column":4},"end":{"line":28,"column":74}},"14":{"start":{"line":5,"column":13},"end":{"line":5,"column":22}},"15":{"start":{"line":32,"column":22},"end":{"line":66,"column":2}},"16":{"start":{"line":32,"column":60},"end":{"line":66,"column":2}},"17":{"start":{"line":33,"column":2},"end":{"line":65,"column":3}},"18":{"start":{"line":34,"column":19},"end":{"line":34,"column":33}},"19":{"start":{"line":35,"column":22},"end":{"line":35,"column":49}},"20":{"start":{"line":38,"column":4},"end":{"line":40,"column":5}},"21":{"start":{"line":39,"column":6},"end":{"line":39,"column":70}},"22":{"start":{"line":42,"column":4},"end":{"line":49,"column":5}},"23":{"start":{"line":43,"column":6},"end":{"line":43,"column":41}},"24":{"start":{"line":44,"column":6},"end":{"line":44,"column":36}},"25":{"start":{"line":46,"column":6},"end":{"line":46,"column":24}},"26":{"start":{"line":48,"column":6},"end":{"line":48,"column":68}},"27":{"start":{"line":51,"column":30},"end":{"line":51,"column":95}},"28":{"start":{"line":53,"column":4},"end":{"line":57,"column":7}},"29":{"start":{"line":54,"column":6},"end":{"line":56,"column":7}},"30":{"start":{"line":55,"column":8},"end":{"line":55,"column":38}},"31":{"start":{"line":59,"column":4},"end":{"line":59,"column":22}},"32":{"start":{"line":61,"column":4},"end":{"line":61,"column":46}},"33":{"start":{"line":63,"column":4},"end":{"line":63,"column":54}},"34":{"start":{"line":64,"column":4},"end":{"line":64,"column":68}},"35":{"start":{"line":32,"column":13},"end":{"line":32,"column":22}},"36":{"start":{"line":68,"column":22},"end":{"line":88,"column":2}},"37":{"start":{"line":68,"column":60},"end":{"line":88,"column":2}},"38":{"start":{"line":69,"column":2},"end":{"line":87,"column":3}},"39":{"start":{"line":70,"column":19},"end":{"line":70,"column":32}},"40":{"start":{"line":71,"column":17},"end":{"line":71,"column":44}},"41":{"start":{"line":73,"column":4},"end":{"line":75,"column":5}},"42":{"start":{"line":74,"column":6},"end":{"line":74,"column":72}},"43":{"start":{"line":78,"column":4},"end":{"line":78,"column":39}},"44":{"start":{"line":81,"column":4},"end":{"line":81,"column":24}},"45":{"start":{"line":83,"column":4},"end":{"line":83,"column":57}},"46":{"start":{"line":85,"column":4},"end":{"line":85,"column":52}},"47":{"start":{"line":86,"column":4},"end":{"line":86,"column":66}},"48":{"start":{"line":68,"column":13},"end":{"line":68,"column":22}},"49":{"start":{"line":90,"column":23},"end":{"line":97,"column":2}},"50":{"start":{"line":90,"column":61},"end":{"line":97,"column":2}},"51":{"start":{"line":91,"column":2},"end":{"line":96,"column":3}},"52":{"start":{"line":92,"column":17},"end":{"line":92,"column":34}},"53":{"start":{"line":93,"column":4},"end":{"line":93,"column":19}},"54":{"start":{"line":95,"column":4},"end":{"line":95,"column":68}},"55":{"start":{"line":90,"column":13},"end":{"line":90,"column":23}}},"fnMap":{"0":{"name":"(anonymous_8)","decl":{"start":{"line":5,"column":22},"end":{"line":5,"column":29}},"loc":{"start":{"line":5,"column":60},"end":{"line":30,"column":2}}},"1":{"name":"(anonymous_9)","decl":{"start":{"line":5,"column":60},"end":{"line":5,"column":null}},"loc":{"start":{"line":5,"column":60},"end":{"line":30,"column":1}}},"2":{"name":"(anonymous_10)","decl":{"start":{"line":32,"column":22},"end":{"line":32,"column":29}},"loc":{"start":{"line":32,"column":60},"end":{"line":66,"column":2}}},"3":{"name":"(anonymous_11)","decl":{"start":{"line":32,"column":60},"end":{"line":32,"column":null}},"loc":{"start":{"line":32,"column":60},"end":{"line":66,"column":1}}},"4":{"name":"(anonymous_12)","decl":{"start":{"line":53,"column":30},"end":{"line":53,"column":31}},"loc":{"start":{"line":53,"column":40},"end":{"line":57,"column":5}}},"5":{"name":"(anonymous_13)","decl":{"start":{"line":68,"column":22},"end":{"line":68,"column":29}},"loc":{"start":{"line":68,"column":60},"end":{"line":88,"column":2}}},"6":{"name":"(anonymous_14)","decl":{"start":{"line":68,"column":60},"end":{"line":68,"column":null}},"loc":{"start":{"line":68,"column":60},"end":{"line":88,"column":1}}},"7":{"name":"(anonymous_15)","decl":{"start":{"line":90,"column":23},"end":{"line":90,"column":30}},"loc":{"start":{"line":90,"column":61},"end":{"line":97,"column":2}}},"8":{"name":"(anonymous_16)","decl":{"start":{"line":90,"column":61},"end":{"line":90,"column":null}},"loc":{"start":{"line":90,"column":61},"end":{"line":97,"column":1}}}},"branchMap":{"0":{"loc":{"start":{"line":10,"column":4},"end":{"line":12,"column":5}},"type":"if","locations":[{"start":{"line":10,"column":4},"end":{"line":12,"column":5}}]},"1":{"loc":{"start":{"line":34,"column":19},"end":{"line":34,"column":33}},"type":"cond-expr","locations":[{"start":{"line":34,"column":29},"end":{"line":34,"column":31}},{"start":{"line":34,"column":29},"end":{"line":34,"column":33}}]},"2":{"loc":{"start":{"line":34,"column":19},"end":{"line":34,"column":31}},"type":"binary-expr","locations":[{"start":{"line":34,"column":19},"end":{"line":34,"column":31}},{"start":{"line":34,"column":29},"end":{"line":34,"column":31}}]},"3":{"loc":{"start":{"line":38,"column":4},"end":{"line":40,"column":5}},"type":"if","locations":[{"start":{"line":38,"column":4},"end":{"line":40,"column":5}}]},"4":{"loc":{"start":{"line":42,"column":4},"end":{"line":49,"column":5}},"type":"if","locations":[{"start":{"line":42,"column":4},"end":{"line":49,"column":5}}]},"5":{"loc":{"start":{"line":54,"column":6},"end":{"line":56,"column":7}},"type":"if","locations":[{"start":{"line":54,"column":6},"end":{"line":56,"column":7}}]},"6":{"loc":{"start":{"line":73,"column":4},"end":{"line":75,"column":5}},"type":"if","locations":[{"start":{"line":73,"column":4},"end":{"line":75,"column":5}}]}},"s":{"0":2,"1":2,"2":2,"3":2,"4":2,"5":2,"6":2,"7":2,"8":1,"9":1,"10":1,"11":1,"12":0,"13":0,"14":2,"15":2,"16":5,"17":5,"18":5,"19":5,"20":5,"21":2,"22":3,"23":1,"24":1,"25":1,"26":1,"27":2,"28":2,"29":12,"30":2,"31":2,"32":2,"33":0,"34":0,"35":2,"36":2,"37":0,"38":0,"39":0,"40":0,"41":0,"42":0,"43":0,"44":0,"45":0,"46":0,"47":0,"48":2,"49":2,"50":0,"51":0,"52":0,"53":0,"54":0,"55":2},"f":{"0":2,"1":2,"2":5,"3":5,"4":12,"5":0,"6":0,"7":0,"8":0},"b":{"0":[1],"1":[5,0],"2":[5,5],"3":[2],"4":[1],"5":[2],"6":[0]}}
,"/home/prado/test-rastro/api-rastro-urbano/src/controllers/userController.ts": {"path":"/home/prado/test-rastro/api-rastro-urbano/src/controllers/userController.ts","statementMap":{"0":{"start":{"line":1,"column":0},"end":{"line":1,"column":33}},"1":{"start":{"line":4,"column":0},"end":{"line":4,"column":34}},"2":{"start":{"line":5,"column":0},"end":{"line":5,"column":67}},"3":{"start":{"line":6,"column":0},"end":{"line":6,"column":51}},"4":{"start":{"line":8,"column":22},"end":{"line":34,"column":2}},"5":{"start":{"line":8,"column":60},"end":{"line":34,"column":2}},"6":{"start":{"line":9,"column":2},"end":{"line":33,"column":3}},"7":{"start":{"line":10,"column":93},"end":{"line":10,"column":101}},"8":{"start":{"line":12,"column":4},"end":{"line":14,"column":5}},"9":{"start":{"line":13,"column":6},"end":{"line":13,"column":85}},"10":{"start":{"line":16,"column":24},"end":{"line":16,"column":62}},"11":{"start":{"line":18,"column":17},"end":{"line":25,"column":6}},"12":{"start":{"line":27,"column":4},"end":{"line":27,"column":41}},"13":{"start":{"line":29,"column":4},"end":{"line":29,"column":22}},"14":{"start":{"line":30,"column":4},"end":{"line":30,"column":31}},"15":{"start":{"line":32,"column":4},"end":{"line":32,"column":76}},"16":{"start":{"line":8,"column":13},"end":{"line":8,"column":22}},"17":{"start":{"line":36,"column":22},"end":{"line":76,"column":2}},"18":{"start":{"line":36,"column":88},"end":{"line":76,"column":2}},"19":{"start":{"line":37,"column":2},"end":{"line":75,"column":3}},"20":{"start":{"line":38,"column":19},"end":{"line":38,"column":33}},"21":{"start":{"line":39,"column":22},"end":{"line":39,"column":49}},"22":{"start":{"line":41,"column":4},"end":{"line":43,"column":5}},"23":{"start":{"line":42,"column":6},"end":{"line":42,"column":73}},"24":{"start":{"line":45,"column":23},"end":{"line":45,"column":32}},"25":{"start":{"line":47,"column":4},"end":{"line":60,"column":5}},"26":{"start":{"line":48,"column":6},"end":{"line":59,"column":9}},"27":{"start":{"line":49,"column":23},"end":{"line":49,"column":42}},"28":{"start":{"line":52,"column":8},"end":{"line":58,"column":9}},"29":{"start":{"line":53,"column":10},"end":{"line":53,"column":46}},"30":{"start":{"line":54,"column":10},"end":{"line":54,"column":56}},"31":{"start":{"line":55,"column":15},"end":{"line":58,"column":9}},"32":{"start":{"line":56,"column":10},"end":{"line":56,"column":44}},"33":{"start":{"line":57,"column":10},"end":{"line":57,"column":52}},"34":{"start":{"line":62,"column":30},"end":{"line":62,"column":80}},"35":{"start":{"line":64,"column":4},"end":{"line":68,"column":7}},"36":{"start":{"line":65,"column":6},"end":{"line":67,"column":7}},"37":{"start":{"line":66,"column":8},"end":{"line":66,"column":38}},"38":{"start":{"line":70,"column":4},"end":{"line":70,"column":22}},"39":{"start":{"line":72,"column":4},"end":{"line":72,"column":60}},"40":{"start":{"line":74,"column":4},"end":{"line":74,"column":69}},"41":{"start":{"line":36,"column":13},"end":{"line":36,"column":22}},"42":{"start":{"line":78,"column":22},"end":{"line":93,"column":2}},"43":{"start":{"line":78,"column":60},"end":{"line":93,"column":2}},"44":{"start":{"line":79,"column":2},"end":{"line":92,"column":3}},"45":{"start":{"line":80,"column":17},"end":{"line":80,"column":51}},"46":{"start":{"line":81,"column":4},"end":{"line":83,"column":5}},"47":{"start":{"line":82,"column":6},"end":{"line":82,"column":73}},"48":{"start":{"line":85,"column":4},"end":{"line":85,"column":46}},"49":{"start":{"line":86,"column":4},"end":{"line":86,"column":44}},"50":{"start":{"line":88,"column":4},"end":{"line":88,"column":24}},"51":{"start":{"line":89,"column":4},"end":{"line":89,"column":58}},"52":{"start":{"line":91,"column":4},"end":{"line":91,"column":67}},"53":{"start":{"line":78,"column":13},"end":{"line":78,"column":22}},"54":{"start":{"line":95,"column":23},"end":{"line":102,"column":2}},"55":{"start":{"line":95,"column":61},"end":{"line":102,"column":2}},"56":{"start":{"line":96,"column":2},"end":{"line":101,"column":3}},"57":{"start":{"line":97,"column":18},"end":{"line":97,"column":35}},"58":{"start":{"line":98,"column":4},"end":{"line":98,"column":20}},"59":{"start":{"line":100,"column":4},"end":{"line":100,"column":69}},"60":{"start":{"line":95,"column":13},"end":{"line":95,"column":23}},"61":{"start":{"line":104,"column":25},"end":{"line":130,"column":2}},"62":{"start":{"line":104,"column":63},"end":{"line":130,"column":2}},"63":{"start":{"line":105,"column":27},"end":{"line":105,"column":35}},"64":{"start":{"line":107,"column":2},"end":{"line":129,"column":3}},"65":{"start":{"line":108,"column":22},"end":{"line":108,"column":51}},"66":{"start":{"line":110,"column":4},"end":{"line":112,"column":5}},"67":{"start":{"line":111,"column":6},"end":{"line":111,"column":78}},"68":{"start":{"line":114,"column":4},"end":{"line":116,"column":5}},"69":{"start":{"line":115,"column":6},"end":{"line":115,"column":93}},"70":{"start":{"line":118,"column":24},"end":{"line":118,"column":63}},"71":{"start":{"line":120,"column":4},"end":{"line":122,"column":5}},"72":{"start":{"line":121,"column":6},"end":{"line":121,"column":85}},"73":{"start":{"line":124,"column":18},"end":{"line":124,"column":41}},"74":{"start":{"line":126,"column":4},"end":{"line":126,"column":36}},"75":{"start":{"line":128,"column":4},"end":{"line":128,"column":78}},"76":{"start":{"line":104,"column":13},"end":{"line":104,"column":25}}},"fnMap":{"0":{"name":"(anonymous_14)","decl":{"start":{"line":8,"column":22},"end":{"line":8,"column":29}},"loc":{"start":{"line":8,"column":60},"end":{"line":34,"column":2}}},"1":{"name":"(anonymous_15)","decl":{"start":{"line":8,"column":60},"end":{"line":8,"column":null}},"loc":{"start":{"line":8,"column":60},"end":{"line":34,"column":1}}},"2":{"name":"(anonymous_16)","decl":{"start":{"line":36,"column":22},"end":{"line":36,"column":29}},"loc":{"start":{"line":36,"column":88},"end":{"line":76,"column":2}}},"3":{"name":"(anonymous_17)","decl":{"start":{"line":36,"column":88},"end":{"line":36,"column":null}},"loc":{"start":{"line":36,"column":88},"end":{"line":76,"column":1}}},"4":{"name":"(anonymous_18)","decl":{"start":{"line":48,"column":33},"end":{"line":48,"column":34}},"loc":{"start":{"line":48,"column":55},"end":{"line":59,"column":7}}},"5":{"name":"(anonymous_19)","decl":{"start":{"line":64,"column":30},"end":{"line":64,"column":31}},"loc":{"start":{"line":64,"column":40},"end":{"line":68,"column":5}}},"6":{"name":"(anonymous_20)","decl":{"start":{"line":78,"column":22},"end":{"line":78,"column":29}},"loc":{"start":{"line":78,"column":60},"end":{"line":93,"column":2}}},"7":{"name":"(anonymous_21)","decl":{"start":{"line":78,"column":60},"end":{"line":78,"column":null}},"loc":{"start":{"line":78,"column":60},"end":{"line":93,"column":1}}},"8":{"name":"(anonymous_22)","decl":{"start":{"line":95,"column":23},"end":{"line":95,"column":30}},"loc":{"start":{"line":95,"column":61},"end":{"line":102,"column":2}}},"9":{"name":"(anonymous_23)","decl":{"start":{"line":95,"column":61},"end":{"line":95,"column":null}},"loc":{"start":{"line":95,"column":61},"end":{"line":102,"column":1}}},"10":{"name":"(anonymous_24)","decl":{"start":{"line":104,"column":25},"end":{"line":104,"column":32}},"loc":{"start":{"line":104,"column":63},"end":{"line":130,"column":2}}},"11":{"name":"(anonymous_25)","decl":{"start":{"line":104,"column":63},"end":{"line":104,"column":null}},"loc":{"start":{"line":104,"column":63},"end":{"line":130,"column":1}}}},"branchMap":{"0":{"loc":{"start":{"line":12,"column":4},"end":{"line":14,"column":5}},"type":"if","locations":[{"start":{"line":12,"column":4},"end":{"line":14,"column":5}}]},"1":{"loc":{"start":{"line":12,"column":8},"end":{"line":12,"column":46}},"type":"binary-expr","locations":[{"start":{"line":12,"column":8},"end":{"line":12,"column":26}},{"start":{"line":12,"column":30},"end":{"line":12,"column":46}}]},"2":{"loc":{"start":{"line":38,"column":19},"end":{"line":38,"column":33}},"type":"cond-expr","locations":[{"start":{"line":38,"column":29},"end":{"line":38,"column":31}},{"start":{"line":38,"column":29},"end":{"line":38,"column":33}}]},"3":{"loc":{"start":{"line":38,"column":19},"end":{"line":38,"column":31}},"type":"binary-expr","locations":[{"start":{"line":38,"column":19},"end":{"line":38,"column":31}},{"start":{"line":38,"column":29},"end":{"line":38,"column":31}}]},"4":{"loc":{"start":{"line":41,"column":4},"end":{"line":43,"column":5}},"type":"if","locations":[{"start":{"line":41,"column":4},"end":{"line":43,"column":5}}]},"5":{"loc":{"start":{"line":47,"column":4},"end":{"line":60,"column":5}},"type":"if","locations":[{"start":{"line":47,"column":4},"end":{"line":60,"column":5}}]},"6":{"loc":{"start":{"line":52,"column":8},"end":{"line":58,"column":9}},"type":"if","locations":[{"start":{"line":52,"column":8},"end":{"line":58,"column":9}},{"start":{"line":55,"column":15},"end":{"line":58,"column":9}}]},"7":{"loc":{"start":{"line":55,"column":15},"end":{"line":58,"column":9}},"type":"if","locations":[{"start":{"line":55,"column":15},"end":{"line":58,"column":9}}]},"8":{"loc":{"start":{"line":65,"column":6},"end":{"line":67,"column":7}},"type":"if","locations":[{"start":{"line":65,"column":6},"end":{"line":67,"column":7}}]},"9":{"loc":{"start":{"line":81,"column":4},"end":{"line":83,"column":5}},"type":"if","locations":[{"start":{"line":81,"column":4},"end":{"line":83,"column":5}}]},"10":{"loc":{"start":{"line":110,"column":4},"end":{"line":112,"column":5}},"type":"if","locations":[{"start":{"line":110,"column":4},"end":{"line":112,"column":5}}]},"11":{"loc":{"start":{"line":114,"column":4},"end":{"line":116,"column":5}},"type":"if","locations":[{"start":{"line":114,"column":4},"end":{"line":116,"column":5}}]},"12":{"loc":{"start":{"line":120,"column":4},"end":{"line":122,"column":5}},"type":"if","locations":[{"start":{"line":120,"column":4},"end":{"line":122,"column":5}}]}},"s":{"0":2,"1":2,"2":2,"3":2,"4":2,"5":3,"6":3,"7":3,"8":2,"9":1,"10":1,"11":1,"12":1,"13":1,"14":1,"15":1,"16":2,"17":2,"18":4,"19":4,"20":4,"21":4,"22":3,"23":1,"24":2,"25":2,"26":1,"27":2,"28":2,"29":0,"30":0,"31":2,"32":0,"33":0,"34":2,"35":2,"36":8,"37":5,"38":2,"39":2,"40":1,"41":2,"42":2,"43":3,"44":3,"45":3,"46":2,"47":1,"48":1,"49":1,"50":1,"51":1,"52":1,"53":2,"54":2,"55":2,"56":2,"57":2,"58":1,"59":1,"60":2,"61":2,"62":4,"63":4,"64":4,"65":4,"66":3,"67":1,"68":2,"69":1,"70":1,"71":1,"72":0,"73":1,"74":1,"75":1,"76":2},"f":{"0":3,"1":3,"2":4,"3":4,"4":2,"5":8,"6":3,"7":3,"8":2,"9":2,"10":4,"11":4},"b":{"0":[1],"1":[2,1],"2":[4,0],"3":[4,4],"4":[1],"5":[1],"6":[0,2],"7":[0],"8":[5],"9":[1],"10":[1],"11":[1],"12":[0]}}
,"/home/prado/test-rastro/api-rastro-urbano/src/middleware/authMiddleware.ts": {"path":"/home/prado/test-rastro/api-rastro-urbano/src/middleware/authMiddleware.ts","statementMap":{"0":{"start":{"line":2,"column":0},"end":{"line":2,"column":49}},"1":{"start":{"line":7,"column":26},"end":{"line":30,"column":2}},"2":{"start":{"line":11,"column":4},"end":{"line":30,"column":2}},"3":{"start":{"line":12,"column":16},"end":{"line":12,"column":43}},"4":{"start":{"line":14,"column":2},"end":{"line":17,"column":3}},"5":{"start":{"line":15,"column":4},"end":{"line":15,"column":42}},"6":{"start":{"line":16,"column":4},"end":{"line":16,"column":50}},"7":{"start":{"line":19,"column":2},"end":{"line":29,"column":3}},"8":{"start":{"line":20,"column":20},"end":{"line":20,"column":54}},"9":{"start":{"line":23,"column":4},"end":{"line":23,"column":32}},"10":{"start":{"line":25,"column":4},"end":{"line":25,"column":11}},"11":{"start":{"line":27,"column":4},"end":{"line":27,"column":58}},"12":{"start":{"line":28,"column":4},"end":{"line":28,"column":43}},"13":{"start":{"line":32,"column":9},"end":{"line":32,"column":26}}},"fnMap":{"0":{"name":"(anonymous_7)","decl":{"start":{"line":7,"column":26},"end":{"line":7,"column":null}},"loc":{"start":{"line":11,"column":4},"end":{"line":30,"column":2}}},"1":{"name":"(anonymous_8)","decl":{"start":{"line":11,"column":4},"end":{"line":11,"column":null}},"loc":{"start":{"line":11,"column":4},"end":{"line":30,"column":1}}}},"branchMap":{"0":{"loc":{"start":{"line":14,"column":2},"end":{"line":17,"column":3}},"type":"if","locations":[{"start":{"line":14,"column":2},"end":{"line":17,"column":3}}]}},"s":{"0":1,"1":1,"2":0,"3":0,"4":0,"5":0,"6":0,"7":0,"8":0,"9":0,"10":0,"11":0,"12":0,"13":1},"f":{"0":0,"1":0},"b":{"0":[0]}}
,"/home/prado/test-rastro/api-rastro-urbano/src/middleware/uploadMiddleware.ts": {"path":"/home/prado/test-rastro/api-rastro-urbano/src/middleware/uploadMiddleware.ts","statementMap":{"0":{"start":{"line":1,"column":0},"end":{"line":1,"column":36}},"1":{"start":{"line":2,"column":0},"end":{"line":2,"column":32}},"2":{"start":{"line":5,"column":0},"end":{"line":5,"column":28}},"3":{"start":{"line":6,"column":16},"end":{"line":6,"column":38}},"4":{"start":{"line":9,"column":13},"end":{"line":21,"column":20}},"5":{"start":{"line":15,"column":4},"end":{"line":19,"column":5}},"6":{"start":{"line":16,"column":6},"end":{"line":16,"column":21}},"7":{"start":{"line":18,"column":6},"end":{"line":18,"column":59}},"8":{"start":{"line":23,"column":13},"end":{"line":35,"column":23}},"9":{"start":{"line":29,"column":4},"end":{"line":33,"column":5}},"10":{"start":{"line":30,"column":6},"end":{"line":30,"column":21}},"11":{"start":{"line":32,"column":6},"end":{"line":32,"column":59}},"12":{"start":{"line":37,"column":31},"end":{"line":73,"column":1}},"13":{"start":{"line":38,"column":2},"end":{"line":72,"column":3}},"14":{"start":{"line":41,"column":4},"end":{"line":43,"column":5}},"15":{"start":{"line":42,"column":6},"end":{"line":42,"column":20}},"16":{"start":{"line":45,"column":24},"end":{"line":45,"column":36}},"17":{"start":{"line":47,"column":21},"end":{"line":47,"column":38}},"18":{"start":{"line":48,"column":4},"end":{"line":48,"column":37}},"19":{"start":{"line":50,"column":17},"end":{"line":50,"column":37}},"20":{"start":{"line":51,"column":19},"end":{"line":55,"column":6}},"21":{"start":{"line":57,"column":4},"end":{"line":60,"column":7}},"22":{"start":{"line":58,"column":6},"end":{"line":58,"column":21}},"23":{"start":{"line":59,"column":6},"end":{"line":59,"column":14}},"24":{"start":{"line":62,"column":4},"end":{"line":66,"column":7}},"25":{"start":{"line":62,"column":35},"end":{"line":66,"column":6}},"26":{"start":{"line":63,"column":6},"end":{"line":63,"column":30}},"27":{"start":{"line":64,"column":6},"end":{"line":64,"column":86}},"28":{"start":{"line":65,"column":6},"end":{"line":65,"column":13}},"29":{"start":{"line":68,"column":4},"end":{"line":68,"column":30}},"30":{"start":{"line":70,"column":4},"end":{"line":70,"column":25}},"31":{"start":{"line":71,"column":4},"end":{"line":71,"column":101}},"32":{"start":{"line":37,"column":13},"end":{"line":37,"column":31}},"33":{"start":{"line":75,"column":39},"end":{"line":116,"column":1}},"34":{"start":{"line":76,"column":2},"end":{"line":115,"column":3}},"35":{"start":{"line":79,"column":4},"end":{"line":81,"column":5}},"36":{"start":{"line":80,"column":6},"end":{"line":80,"column":81}},"37":{"start":{"line":83,"column":4},"end":{"line":83,"column":55}},"38":{"start":{"line":84,"column":4},"end":{"line":84,"column":53}},"39":{"start":{"line":86,"column":4},"end":{"line":86,"column":26}},"40":{"start":{"line":88,"column":4},"end":{"line":109,"column":7}},"41":{"start":{"line":89,"column":26},"end":{"line":89,"column":101}},"42":{"start":{"line":91,"column":19},"end":{"line":91,"column":42}},"43":{"start":{"line":92,"column":21},"end":{"line":96,"column":8}},"44":{"start":{"line":98,"column":6},"end":{"line":101,"column":9}},"45":{"start":{"line":99,"column":8},"end":{"line":99,"column":23}},"46":{"start":{"line":100,"column":8},"end":{"line":100,"column":16}},"47":{"start":{"line":103,"column":6},"end":{"line":106,"column":9}},"48":{"start":{"line":103,"column":37},"end":{"line":106,"column":8}},"49":{"start":{"line":104,"column":8},"end":{"line":104,"column":32}},"50":{"start":{"line":105,"column":8},"end":{"line":105,"column":91}},"51":{"start":{"line":108,"column":6},"end":{"line":108,"column":32}},"52":{"start":{"line":111,"column":4},"end":{"line":111,"column":11}},"53":{"start":{"line":113,"column":4},"end":{"line":113,"column":25}},"54":{"start":{"line":114,"column":4},"end":{"line":114,"column":103}},"55":{"start":{"line":75,"column":13},"end":{"line":75,"column":39}},"56":{"start":{"line":119,"column":31},"end":{"line":153,"column":1}},"57":{"start":{"line":120,"column":2},"end":{"line":152,"column":3}},"58":{"start":{"line":121,"column":4},"end":{"line":123,"column":5}},"59":{"start":{"line":122,"column":6},"end":{"line":122,"column":20}},"60":{"start":{"line":125,"column":24},"end":{"line":125,"column":36}},"61":{"start":{"line":127,"column":21},"end":{"line":127,"column":38}},"62":{"start":{"line":128,"column":4},"end":{"line":128,"column":37}},"63":{"start":{"line":130,"column":17},"end":{"line":130,"column":37}},"64":{"start":{"line":131,"column":19},"end":{"line":135,"column":6}},"65":{"start":{"line":137,"column":4},"end":{"line":140,"column":7}},"66":{"start":{"line":138,"column":6},"end":{"line":138,"column":21}},"67":{"start":{"line":139,"column":6},"end":{"line":139,"column":14}},"68":{"start":{"line":142,"column":4},"end":{"line":146,"column":7}},"69":{"start":{"line":142,"column":35},"end":{"line":146,"column":6}},"70":{"start":{"line":143,"column":6},"end":{"line":143,"column":30}},"71":{"start":{"line":144,"column":6},"end":{"line":144,"column":86}},"72":{"start":{"line":145,"column":6},"end":{"line":145,"column":13}},"73":{"start":{"line":148,"column":4},"end":{"line":148,"column":30}},"74":{"start":{"line":150,"column":4},"end":{"line":150,"column":25}},"75":{"start":{"line":151,"column":4},"end":{"line":151,"column":101}},"76":{"start":{"line":119,"column":13},"end":{"line":119,"column":31}},"77":{"start":{"line":155,"column":13},"end":{"line":170,"column":3}},"78":{"start":{"line":161,"column":4},"end":{"line":165,"column":5}},"79":{"start":{"line":162,"column":6},"end":{"line":162,"column":21}},"80":{"start":{"line":164,"column":6},"end":{"line":164,"column":59}},"81":{"start":{"line":172,"column":39},"end":{"line":239,"column":2}},"82":{"start":{"line":172,"column":106},"end":{"line":239,"column":2}},"83":{"start":{"line":173,"column":2},"end":{"line":238,"column":3}},"84":{"start":{"line":174,"column":4},"end":{"line":176,"column":5}},"85":{"start":{"line":175,"column":6},"end":{"line":175,"column":20}},"86":{"start":{"line":178,"column":23},"end":{"line":178,"column":36}},"87":{"start":{"line":181,"column":4},"end":{"line":205,"column":5}},"88":{"start":{"line":182,"column":27},"end":{"line":182,"column":50}},"89":{"start":{"line":183,"column":32},"end":{"line":183,"column":49}},"90":{"start":{"line":185,"column":6},"end":{"line":185,"column":57}},"91":{"start":{"line":187,"column":25},"end":{"line":187,"column":54}},"92":{"start":{"line":188,"column":27},"end":{"line":192,"column":8}},"93":{"start":{"line":194,"column":6},"end":{"line":197,"column":9}},"94":{"start":{"line":195,"column":8},"end":{"line":195,"column":23}},"95":{"start":{"line":196,"column":8},"end":{"line":196,"column":16}},"96":{"start":{"line":199,"column":6},"end":{"line":202,"column":9}},"97":{"start":{"line":199,"column":43},"end":{"line":202,"column":8}},"98":{"start":{"line":200,"column":8},"end":{"line":200,"column":38}},"99":{"start":{"line":201,"column":8},"end":{"line":201,"column":103}},"100":{"start":{"line":204,"column":6},"end":{"line":204,"column":44}},"101":{"start":{"line":208,"column":4},"end":{"line":232,"column":5}},"102":{"start":{"line":209,"column":25},"end":{"line":209,"column":46}},"103":{"start":{"line":210,"column":30},"end":{"line":210,"column":47}},"104":{"start":{"line":212,"column":6},"end":{"line":212,"column":53}},"105":{"start":{"line":214,"column":23},"end":{"line":214,"column":50}},"106":{"start":{"line":215,"column":25},"end":{"line":219,"column":8}},"107":{"start":{"line":221,"column":6},"end":{"line":224,"column":9}},"108":{"start":{"line":222,"column":8},"end":{"line":222,"column":23}},"109":{"start":{"line":223,"column":8},"end":{"line":223,"column":16}},"110":{"start":{"line":226,"column":6},"end":{"line":229,"column":9}},"111":{"start":{"line":226,"column":41},"end":{"line":229,"column":8}},"112":{"start":{"line":227,"column":8},"end":{"line":227,"column":36}},"113":{"start":{"line":228,"column":8},"end":{"line":228,"column":99}},"114":{"start":{"line":231,"column":6},"end":{"line":231,"column":40}},"115":{"start":{"line":234,"column":4},"end":{"line":234,"column":11}},"116":{"start":{"line":236,"column":4},"end":{"line":236,"column":25}},"117":{"start":{"line":237,"column":4},"end":{"line":237,"column":103}},"118":{"start":{"line":172,"column":13},"end":{"line":172,"column":39}},"119":{"start":{"line":242,"column":33},"end":{"line":261,"column":2}},"120":{"start":{"line":242,"column":75},"end":{"line":261,"column":2}},"121":{"start":{"line":243,"column":2},"end":{"line":260,"column":3}},"122":{"start":{"line":244,"column":4},"end":{"line":247,"column":5}},"123":{"start":{"line":245,"column":6},"end":{"line":245,"column":72}},"124":{"start":{"line":246,"column":6},"end":{"line":246,"column":13}},"125":{"start":{"line":248,"column":17},"end":{"line":248,"column":40}},"126":{"start":{"line":250,"column":21},"end":{"line":250,"column":40}},"127":{"start":{"line":251,"column":4},"end":{"line":256,"column":5}},"128":{"start":{"line":252,"column":6},"end":{"line":252,"column":26}},"129":{"start":{"line":253,"column":6},"end":{"line":253,"column":73}},"130":{"start":{"line":255,"column":6},"end":{"line":255,"column":79}},"131":{"start":{"line":258,"column":4},"end":{"line":258,"column":90}},"132":{"start":{"line":259,"column":4},"end":{"line":259,"column":16}},"133":{"start":{"line":242,"column":13},"end":{"line":242,"column":33}}},"fnMap":{"0":{"name":"(anonymous_8)","decl":{"start":{"line":14,"column":14},"end":{"line":14,"column":15}},"loc":{"start":{"line":14,"column":45},"end":{"line":20,"column":3}}},"1":{"name":"(anonymous_9)","decl":{"start":{"line":28,"column":14},"end":{"line":28,"column":15}},"loc":{"start":{"line":28,"column":45},"end":{"line":34,"column":3}}},"2":{"name":"(anonymous_10)","decl":{"start":{"line":37,"column":31},"end":{"line":37,"column":32}},"loc":{"start":{"line":37,"column":92},"end":{"line":73,"column":1}}},"3":{"name":"(anonymous_11)","decl":{"start":{"line":57,"column":23},"end":{"line":57,"column":24}},"loc":{"start":{"line":57,"column":29},"end":{"line":60,"column":5}}},"4":{"name":"(anonymous_12)","decl":{"start":{"line":62,"column":24},"end":{"line":62,"column":33}},"loc":{"start":{"line":62,"column":35},"end":{"line":66,"column":6}}},"5":{"name":"(anonymous_13)","decl":{"start":{"line":62,"column":35},"end":{"line":62,"column":null}},"loc":{"start":{"line":62,"column":35},"end":{"line":66,"column":5}}},"6":{"name":"(anonymous_14)","decl":{"start":{"line":75,"column":39},"end":{"line":75,"column":40}},"loc":{"start":{"line":75,"column":100},"end":{"line":116,"column":1}}},"7":{"name":"(anonymous_15)","decl":{"start":{"line":88,"column":18},"end":{"line":88,"column":19}},"loc":{"start":{"line":88,"column":49},"end":{"line":109,"column":5}}},"8":{"name":"(anonymous_16)","decl":{"start":{"line":98,"column":25},"end":{"line":98,"column":26}},"loc":{"start":{"line":98,"column":31},"end":{"line":101,"column":7}}},"9":{"name":"(anonymous_17)","decl":{"start":{"line":103,"column":26},"end":{"line":103,"column":35}},"loc":{"start":{"line":103,"column":37},"end":{"line":106,"column":8}}},"10":{"name":"(anonymous_18)","decl":{"start":{"line":103,"column":37},"end":{"line":103,"column":null}},"loc":{"start":{"line":103,"column":37},"end":{"line":106,"column":7}}},"11":{"name":"(anonymous_19)","decl":{"start":{"line":119,"column":31},"end":{"line":119,"column":32}},"loc":{"start":{"line":119,"column":92},"end":{"line":153,"column":1}}},"12":{"name":"(anonymous_20)","decl":{"start":{"line":137,"column":23},"end":{"line":137,"column":24}},"loc":{"start":{"line":137,"column":29},"end":{"line":140,"column":5}}},"13":{"name":"(anonymous_21)","decl":{"start":{"line":142,"column":24},"end":{"line":142,"column":33}},"loc":{"start":{"line":142,"column":35},"end":{"line":146,"column":6}}},"14":{"name":"(anonymous_22)","decl":{"start":{"line":142,"column":35},"end":{"line":142,"column":null}},"loc":{"start":{"line":142,"column":35},"end":{"line":146,"column":5}}},"15":{"name":"(anonymous_23)","decl":{"start":{"line":160,"column":14},"end":{"line":160,"column":15}},"loc":{"start":{"line":160,"column":45},"end":{"line":166,"column":3}}},"16":{"name":"(anonymous_24)","decl":{"start":{"line":172,"column":39},"end":{"line":172,"column":46}},"loc":{"start":{"line":172,"column":106},"end":{"line":239,"column":2}}},"17":{"name":"(anonymous_25)","decl":{"start":{"line":172,"column":106},"end":{"line":172,"column":null}},"loc":{"start":{"line":172,"column":106},"end":{"line":239,"column":1}}},"18":{"name":"(anonymous_26)","decl":{"start":{"line":194,"column":31},"end":{"line":194,"column":32}},"loc":{"start":{"line":194,"column":37},"end":{"line":197,"column":7}}},"19":{"name":"(anonymous_27)","decl":{"start":{"line":199,"column":32},"end":{"line":199,"column":41}},"loc":{"start":{"line":199,"column":43},"end":{"line":202,"column":8}}},"20":{"name":"(anonymous_28)","decl":{"start":{"line":199,"column":43},"end":{"line":199,"column":null}},"loc":{"start":{"line":199,"column":43},"end":{"line":202,"column":7}}},"21":{"name":"(anonymous_29)","decl":{"start":{"line":221,"column":29},"end":{"line":221,"column":30}},"loc":{"start":{"line":221,"column":35},"end":{"line":224,"column":7}}},"22":{"name":"(anonymous_30)","decl":{"start":{"line":226,"column":30},"end":{"line":226,"column":39}},"loc":{"start":{"line":226,"column":41},"end":{"line":229,"column":8}}},"23":{"name":"(anonymous_31)","decl":{"start":{"line":226,"column":41},"end":{"line":226,"column":null}},"loc":{"start":{"line":226,"column":41},"end":{"line":229,"column":7}}},"24":{"name":"(anonymous_32)","decl":{"start":{"line":242,"column":33},"end":{"line":242,"column":40}},"loc":{"start":{"line":242,"column":75},"end":{"line":261,"column":2}}},"25":{"name":"(anonymous_33)","decl":{"start":{"line":242,"column":75},"end":{"line":242,"column":null}},"loc":{"start":{"line":242,"column":75},"end":{"line":261,"column":1}}}},"branchMap":{"0":{"loc":{"start":{"line":15,"column":4},"end":{"line":19,"column":5}},"type":"if","locations":[{"start":{"line":15,"column":4},"end":{"line":19,"column":5}},{"start":{"line":17,"column":11},"end":{"line":19,"column":5}}]},"1":{"loc":{"start":{"line":29,"column":4},"end":{"line":33,"column":5}},"type":"if","locations":[{"start":{"line":29,"column":4},"end":{"line":33,"column":5}},{"start":{"line":31,"column":11},"end":{"line":33,"column":5}}]},"2":{"loc":{"start":{"line":41,"column":4},"end":{"line":43,"column":5}},"type":"if","locations":[{"start":{"line":41,"column":4},"end":{"line":43,"column":5}}]},"3":{"loc":{"start":{"line":79,"column":4},"end":{"line":81,"column":5}},"type":"if","locations":[{"start":{"line":79,"column":4},"end":{"line":81,"column":5}}]},"4":{"loc":{"start":{"line":79,"column":8},"end":{"line":79,"column":52}},"type":"binary-expr","locations":[{"start":{"line":79,"column":8},"end":{"line":79,"column":22}},{"start":{"line":79,"column":26},"end":{"line":79,"column":52}}]},"5":{"loc":{"start":{"line":89,"column":26},"end":{"line":89,"column":101}},"type":"cond-expr","locations":[{"start":{"line":89,"column":40},"end":{"line":89,"column":70}},{"start":{"line":89,"column":73},"end":{"line":89,"column":101}}]},"6":{"loc":{"start":{"line":121,"column":4},"end":{"line":123,"column":5}},"type":"if","locations":[{"start":{"line":121,"column":4},"end":{"line":123,"column":5}}]},"7":{"loc":{"start":{"line":161,"column":4},"end":{"line":165,"column":5}},"type":"if","locations":[{"start":{"line":161,"column":4},"end":{"line":165,"column":5}},{"start":{"line":163,"column":11},"end":{"line":165,"column":5}}]},"8":{"loc":{"start":{"line":174,"column":4},"end":{"line":176,"column":5}},"type":"if","locations":[{"start":{"line":174,"column":4},"end":{"line":176,"column":5}}]},"9":{"loc":{"start":{"line":174,"column":8},"end":{"line":174,"column":52}},"type":"binary-expr","locations":[{"start":{"line":174,"column":8},"end":{"line":174,"column":22}},{"start":{"line":174,"column":26},"end":{"line":174,"column":52}}]},"10":{"loc":{"start":{"line":181,"column":4},"end":{"line":205,"column":5}},"type":"if","locations":[{"start":{"line":181,"column":4},"end":{"line":205,"column":5}}]},"11":{"loc":{"start":{"line":208,"column":4},"end":{"line":232,"column":5}},"type":"if","locations":[{"start":{"line":208,"column":4},"end":{"line":232,"column":5}}]},"12":{"loc":{"start":{"line":244,"column":4},"end":{"line":247,"column":5}},"type":"if","locations":[{"start":{"line":244,"column":4},"end":{"line":247,"column":5}}]},"13":{"loc":{"start":{"line":251,"column":4},"end":{"line":256,"column":5}},"type":"if","locations":[{"start":{"line":251,"column":4},"end":{"line":256,"column":5}},{"start":{"line":254,"column":11},"end":{"line":256,"column":5}}]}},"s":{"0":3,"1":3,"2":3,"3":3,"4":3,"5":0,"6":0,"7":0,"8":3,"9":0,"10":0,"11":0,"12":3,"13":0,"14":0,"15":0,"16":0,"17":0,"18":0,"19":0,"20":0,"21":0,"22":0,"23":0,"24":0,"25":0,"26":0,"27":0,"28":0,"29":0,"30":0,"31":0,"32":3,"33":3,"34":0,"35":0,"36":0,"37":0,"38":0,"39":0,"40":0,"41":0,"42":0,"43":0,"44":0,"45":0,"46":0,"47":0,"48":0,"49":0,"50":0,"51":0,"52":0,"53":0,"54":0,"55":3,"56":3,"57":0,"58":0,"59":0,"60":0,"61":0,"62":0,"63":0,"64":0,"65":0,"66":0,"67":0,"68":0,"69":0,"70":0,"71":0,"72":0,"73":0,"74":0,"75":0,"76":3,"77":3,"78":0,"79":0,"80":0,"81":3,"82":0,"83":0,"84":0,"85":0,"86":0,"87":0,"88":0,"89":0,"90":0,"91":0,"92":0,"93":0,"94":0,"95":0,"96":0,"97":0,"98":0,"99":0,"100":0,"101":0,"102":0,"103":0,"104":0,"105":0,"106":0,"107":0,"108":0,"109":0,"110":0,"111":0,"112":0,"113":0,"114":0,"115":0,"116":0,"117":0,"118":3,"119":3,"120":3,"121":3,"122":3,"123":0,"124":0,"125":3,"126":3,"127":3,"128":0,"129":0,"130":3,"131":0,"132":0,"133":3},"f":{"0":0,"1":0,"2":0,"3":0,"4":0,"5":0,"6":0,"7":0,"8":0,"9":0,"10":0,"11":0,"12":0,"13":0,"14":0,"15":0,"16":0,"17":0,"18":0,"19":0,"20":0,"21":0,"22":0,"23":0,"24":3,"25":3},"b":{"0":[0,0],"1":[0,0],"2":[0],"3":[0],"4":[0,0],"5":[0,0],"6":[0],"7":[0,0],"8":[0],"9":[0,0],"10":[0],"11":[0],"12":[0],"13":[0,3]}}
,"/home/prado/test-rastro/api-rastro-urbano/src/models/Arte.ts": {"path":"/home/prado/test-rastro/api-rastro-urbano/src/models/Arte.ts","statementMap":{"0":{"start":{"line":1,"column":0},"end":{"line":1,"column":32}},"1":{"start":{"line":3,"column":19},"end":{"line":3,"column":27}},"2":{"start":{"line":5,"column":19},"end":{"line":13,"column":2}},"3":{"start":{"line":15,"column":0},"end":{"line":15,"column":50}}},"fnMap":{},"branchMap":{},"s":{"0":2,"1":2,"2":2,"3":2},"f":{},"b":{}}
,"/home/prado/test-rastro/api-rastro-urbano/src/models/User.ts": {"path":"/home/prado/test-rastro/api-rastro-urbano/src/models/User.ts","statementMap":{"0":{"start":{"line":1,"column":0},"end":{"line":1,"column":32}},"1":{"start":{"line":3,"column":19},"end":{"line":3,"column":27}},"2":{"start":{"line":5,"column":19},"end":{"line":12,"column":2}},"3":{"start":{"line":14,"column":0},"end":{"line":14,"column":50}}},"fnMap":{},"branchMap":{},"s":{"0":2,"1":2,"2":2,"3":2},"f":{},"b":{}}
,"/home/prado/test-rastro/api-rastro-urbano/src/routes/arteRoute.ts": {"path":"/home/prado/test-rastro/api-rastro-urbano/src/routes/arteRoute.ts","statementMap":{"0":{"start":{"line":1,"column":0},"end":{"line":1,"column":30}},"1":{"start":{"line":2,"column":0},"end":{"line":2,"column":96}},"2":{"start":{"line":3,"column":0},"end":{"line":3,"column":80}},"3":{"start":{"line":4,"column":0},"end":{"line":4,"column":65}},"4":{"start":{"line":6,"column":15},"end":{"line":6,"column":31}},"5":{"start":{"line":9,"column":0},"end":{"line":9,"column":85}},"6":{"start":{"line":11,"column":0},"end":{"line":11,"column":49}},"7":{"start":{"line":13,"column":0},"end":{"line":13,"column":88}},"8":{"start":{"line":15,"column":0},"end":{"line":15,"column":60}},"9":{"start":{"line":17,"column":0},"end":{"line":17,"column":22}}},"fnMap":{},"branchMap":{},"s":{"0":1,"1":1,"2":1,"3":1,"4":1,"5":1,"6":1,"7":1,"8":1,"9":1},"f":{},"b":{}}
,"/home/prado/test-rastro/api-rastro-urbano/src/routes/userRoute.ts": {"path":"/home/prado/test-rastro/api-rastro-urbano/src/routes/userRoute.ts","statementMap":{"0":{"start":{"line":1,"column":0},"end":{"line":1,"column":30}},"1":{"start":{"line":2,"column":0},"end":{"line":2,"column":96}},"2":{"start":{"line":3,"column":0},"end":{"line":3,"column":91}},"3":{"start":{"line":4,"column":0},"end":{"line":4,"column":65}},"4":{"start":{"line":6,"column":19},"end":{"line":6,"column":35}},"5":{"start":{"line":8,"column":0},"end":{"line":8,"column":37}},"6":{"start":{"line":10,"column":0},"end":{"line":10,"column":87}},"7":{"start":{"line":12,"column":0},"end":{"line":12,"column":53}},"8":{"start":{"line":14,"column":0},"end":{"line":14,"column":90}},"9":{"start":{"line":16,"column":0},"end":{"line":16,"column":45}},"10":{"start":{"line":18,"column":0},"end":{"line":18,"column":26}}},"fnMap":{},"branchMap":{},"s":{"0":1,"1":1,"2":1,"3":1,"4":1,"5":1,"6":1,"7":1,"8":1,"9":1,"10":1},"f":{},"b":{}}
}
