{"/home/prado/test-rastro/api-rastro-urbano/src/app.ts": {"path":"/home/prado/test-rastro/api-rastro-urbano/src/app.ts","statementMap":{"0":{"start":{"line":1,"column":0},"end":{"line":1,"column":30}},"1":{"start":{"line":2,"column":0},"end":{"line":2,"column":24}},"2":{"start":{"line":3,"column":0},"end":{"line":3,"column":14}},"3":{"start":{"line":5,"column":0},"end":{"line":5,"column":44}},"4":{"start":{"line":6,"column":0},"end":{"line":6,"column":44}},"5":{"start":{"line":7,"column":0},"end":{"line":7,"column":28}},"6":{"start":{"line":9,"column":0},"end":{"line":9,"column":16}},"7":{"start":{"line":11,"column":12},"end":{"line":11,"column":21}},"8":{"start":{"line":13,"column":0},"end":{"line":13,"column":31}},"9":{"start":{"line":14,"column":0},"end":{"line":14,"column":24}},"10":{"start":{"line":15,"column":0},"end":{"line":15,"column":48}},"11":{"start":{"line":17,"column":0},"end":{"line":17,"column":31}},"12":{"start":{"line":18,"column":0},"end":{"line":18,"column":31}},"13":{"start":{"line":20,"column":13},"end":{"line":20,"column":37}},"14":{"start":{"line":22,"column":0},"end":{"line":24,"column":3}},"15":{"start":{"line":23,"column":2},"end":{"line":23,"column":51}},"16":{"start":{"line":26,"column":0},"end":{"line":26,"column":19}}},"fnMap":{"0":{"name":"(anonymous_1)","decl":{"start":{"line":22,"column":17},"end":{"line":22,"column":20}},"loc":{"start":{"line":22,"column":22},"end":{"line":24,"column":1}}}},"branchMap":{"0":{"loc":{"start":{"line":20,"column":13},"end":{"line":20,"column":37}},"type":"binary-expr","locations":[{"start":{"line":20,"column":13},"end":{"line":20,"column":29}},{"start":{"line":20,"column":33},"end":{"line":20,"column":37}}]}},"s":{"0":1,"1":1,"2":1,"3":1,"4":1,"5":1,"6":1,"7":1,"8":1,"9":1,"10":1,"11":1,"12":1,"13":1,"14":1,"15":1,"16":1},"f":{"0":1},"b":{"0":[1,0]}}
,"/home/prado/test-rastro/api-rastro-urbano/src/db.ts": {"path":"/home/prado/test-rastro/api-rastro-urbano/src/db.ts","statementMap":{"0":{"start":{"line":1,"column":0},"end":{"line":1,"column":32}},"1":{"start":{"line":2,"column":0},"end":{"line":2,"column":28}},"2":{"start":{"line":4,"column":0},"end":{"line":4,"column":16}},"3":{"start":{"line":6,"column":0},"end":{"line":6,"column":34}},"4":{"start":{"line":9,"column":2},"end":{"line":9,"column":58}},"5":{"start":{"line":10,"column":2},"end":{"line":10,"column":40}},"6":{"start":{"line":13,"column":0},"end":{"line":13,"column":40}},"7":{"start":{"line":13,"column":22},"end":{"line":13,"column":38}},"8":{"start":{"line":15,"column":0},"end":{"line":15,"column":20}}},"fnMap":{"0":{"name":"main","decl":{"start":{"line":8,"column":15},"end":{"line":8,"column":19}},"loc":{"start":{"line":8,"column":19},"end":{"line":11,"column":null}}},"1":{"name":"(anonymous_10)","decl":{"start":{"line":13,"column":13},"end":{"line":13,"column":14}},"loc":{"start":{"line":13,"column":22},"end":{"line":13,"column":38}}}},"branchMap":{},"s":{"0":1,"1":1,"2":1,"3":1,"4":1,"5":0,"6":1,"7":0,"8":1},"f":{"0":1,"1":0},"b":{}}
,"/home/prado/test-rastro/api-rastro-urbano/src/firebase.ts": {"path":"/home/prado/test-rastro/api-rastro-urbano/src/firebase.ts","statementMap":{"0":{"start":{"line":1,"column":0},"end":{"line":1,"column":35}},"1":{"start":{"line":2,"column":0},"end":{"line":2,"column":62}},"2":{"start":{"line":4,"column":0},"end":{"line":7,"column":3}},"3":{"start":{"line":9,"column":15},"end":{"line":9,"column":39}},"4":{"start":{"line":11,"column":0},"end":{"line":11,"column":22}}},"fnMap":{},"branchMap":{},"s":{"0":4,"1":4,"2":4,"3":4,"4":4},"f":{},"b":{}}
,"/home/prado/test-rastro/api-rastro-urbano/src/auth/jwtService.ts": {"path":"/home/prado/test-rastro/api-rastro-urbano/src/auth/jwtService.ts","statementMap":{"0":{"start":{"line":1,"column":0},"end":{"line":1,"column":31}},"1":{"start":{"line":3,"column":22},"end":{"line":5,"column":1}},"2":{"start":{"line":4,"column":2},"end":{"line":4,"column":64}},"3":{"start":{"line":11,"column":9},"end":{"line":11,"column":22}},"4":{"start":{"line":7,"column":20},"end":{"line":9,"column":1}},"5":{"start":{"line":8,"column":2},"end":{"line":8,"column":40}},"6":{"start":{"line":11,"column":24},"end":{"line":11,"column":35}}},"fnMap":{"0":{"name":"(anonymous_1)","decl":{"start":{"line":3,"column":22},"end":{"line":3,"column":23}},"loc":{"start":{"line":3,"column":41},"end":{"line":5,"column":1}}},"1":{"name":"(anonymous_2)","decl":{"start":{"line":7,"column":20},"end":{"line":7,"column":21}},"loc":{"start":{"line":7,"column":38},"end":{"line":9,"column":1}}}},"branchMap":{},"s":{"0":3,"1":3,"2":1,"3":3,"4":3,"5":0,"6":3},"f":{"0":1,"1":0},"b":{}}
,"/home/prado/test-rastro/api-rastro-urbano/src/controllers/arteController.ts": {"path":"/home/prado/test-rastro/api-rastro-urbano/src/controllers/arteController.ts","statementMap":{"0":{"start":{"line":1,"column":0},"end":{"line":1,"column":34}},"1":{"start":{"line":3,"column":0},"end":{"line":3,"column":67}},"2":{"start":{"line":5,"column":22},"end":{"line":29,"column":2}},"3":{"start":{"line":5,"column":60},"end":{"line":29,"column":2}},"4":{"start":{"line":6,"column":2},"end":{"line":28,"column":3}},"5":{"start":{"line":7,"column":68},"end":{"line":7,"column":76}},"6":{"start":{"line":8,"column":34},"end":{"line":8,"column":51}},"7":{"start":{"line":10,"column":4},"end":{"line":12,"column":5}},"8":{"start":{"line":11,"column":6},"end":{"line":11,"column":78}},"9":{"start":{"line":14,"column":17},"end":{"line":22,"column":6}},"10":{"start":{"line":24,"column":4},"end":{"line":24,"column":22}},"11":{"start":{"line":25,"column":4},"end":{"line":25,"column":31}},"12":{"start":{"line":27,"column":4},"end":{"line":27,"column":74}},"13":{"start":{"line":5,"column":13},"end":{"line":5,"column":22}},"14":{"start":{"line":31,"column":22},"end":{"line":67,"column":2}},"15":{"start":{"line":31,"column":60},"end":{"line":67,"column":2}},"16":{"start":{"line":32,"column":2},"end":{"line":66,"column":3}},"17":{"start":{"line":33,"column":19},"end":{"line":33,"column":32}},"18":{"start":{"line":34,"column":4},"end":{"line":36,"column":5}},"19":{"start":{"line":35,"column":6},"end":{"line":35,"column":77}},"20":{"start":{"line":37,"column":22},"end":{"line":37,"column":49}},"21":{"start":{"line":40,"column":4},"end":{"line":42,"column":5}},"22":{"start":{"line":41,"column":6},"end":{"line":41,"column":70}},"23":{"start":{"line":44,"column":4},"end":{"line":51,"column":5}},"24":{"start":{"line":45,"column":6},"end":{"line":45,"column":41}},"25":{"start":{"line":46,"column":6},"end":{"line":46,"column":36}},"26":{"start":{"line":48,"column":6},"end":{"line":48,"column":24}},"27":{"start":{"line":50,"column":6},"end":{"line":50,"column":68}},"28":{"start":{"line":53,"column":30},"end":{"line":53,"column":95}},"29":{"start":{"line":55,"column":4},"end":{"line":59,"column":7}},"30":{"start":{"line":56,"column":6},"end":{"line":58,"column":7}},"31":{"start":{"line":57,"column":8},"end":{"line":57,"column":38}},"32":{"start":{"line":61,"column":4},"end":{"line":61,"column":22}},"33":{"start":{"line":63,"column":4},"end":{"line":63,"column":46}},"34":{"start":{"line":65,"column":4},"end":{"line":65,"column":68}},"35":{"start":{"line":31,"column":13},"end":{"line":31,"column":22}},"36":{"start":{"line":69,"column":22},"end":{"line":88,"column":2}},"37":{"start":{"line":69,"column":60},"end":{"line":88,"column":2}},"38":{"start":{"line":70,"column":2},"end":{"line":87,"column":3}},"39":{"start":{"line":71,"column":19},"end":{"line":71,"column":32}},"40":{"start":{"line":72,"column":17},"end":{"line":72,"column":44}},"41":{"start":{"line":74,"column":4},"end":{"line":76,"column":5}},"42":{"start":{"line":75,"column":6},"end":{"line":75,"column":70}},"43":{"start":{"line":79,"column":4},"end":{"line":79,"column":39}},"44":{"start":{"line":82,"column":4},"end":{"line":82,"column":24}},"45":{"start":{"line":84,"column":4},"end":{"line":84,"column":55}},"46":{"start":{"line":86,"column":4},"end":{"line":86,"column":64}},"47":{"start":{"line":69,"column":13},"end":{"line":69,"column":22}},"48":{"start":{"line":90,"column":23},"end":{"line":97,"column":2}},"49":{"start":{"line":90,"column":61},"end":{"line":97,"column":2}},"50":{"start":{"line":91,"column":2},"end":{"line":96,"column":3}},"51":{"start":{"line":92,"column":17},"end":{"line":92,"column":34}},"52":{"start":{"line":93,"column":4},"end":{"line":93,"column":19}},"53":{"start":{"line":95,"column":4},"end":{"line":95,"column":66}},"54":{"start":{"line":90,"column":13},"end":{"line":90,"column":23}}},"fnMap":{"0":{"name":"(anonymous_8)","decl":{"start":{"line":5,"column":22},"end":{"line":5,"column":29}},"loc":{"start":{"line":5,"column":60},"end":{"line":29,"column":2}}},"1":{"name":"(anonymous_9)","decl":{"start":{"line":5,"column":60},"end":{"line":5,"column":null}},"loc":{"start":{"line":5,"column":60},"end":{"line":29,"column":1}}},"2":{"name":"(anonymous_10)","decl":{"start":{"line":31,"column":22},"end":{"line":31,"column":29}},"loc":{"start":{"line":31,"column":60},"end":{"line":67,"column":2}}},"3":{"name":"(anonymous_11)","decl":{"start":{"line":31,"column":60},"end":{"line":31,"column":null}},"loc":{"start":{"line":31,"column":60},"end":{"line":67,"column":1}}},"4":{"name":"(anonymous_12)","decl":{"start":{"line":55,"column":30},"end":{"line":55,"column":31}},"loc":{"start":{"line":55,"column":40},"end":{"line":59,"column":5}}},"5":{"name":"(anonymous_13)","decl":{"start":{"line":69,"column":22},"end":{"line":69,"column":29}},"loc":{"start":{"line":69,"column":60},"end":{"line":88,"column":2}}},"6":{"name":"(anonymous_14)","decl":{"start":{"line":69,"column":60},"end":{"line":69,"column":null}},"loc":{"start":{"line":69,"column":60},"end":{"line":88,"column":1}}},"7":{"name":"(anonymous_15)","decl":{"start":{"line":90,"column":23},"end":{"line":90,"column":30}},"loc":{"start":{"line":90,"column":61},"end":{"line":97,"column":2}}},"8":{"name":"(anonymous_16)","decl":{"start":{"line":90,"column":61},"end":{"line":90,"column":null}},"loc":{"start":{"line":90,"column":61},"end":{"line":97,"column":1}}}},"branchMap":{"0":{"loc":{"start":{"line":10,"column":4},"end":{"line":12,"column":5}},"type":"if","locations":[{"start":{"line":10,"column":4},"end":{"line":12,"column":5}}]},"1":{"loc":{"start":{"line":34,"column":4},"end":{"line":36,"column":5}},"type":"if","locations":[{"start":{"line":34,"column":4},"end":{"line":36,"column":5}}]},"2":{"loc":{"start":{"line":40,"column":4},"end":{"line":42,"column":5}},"type":"if","locations":[{"start":{"line":40,"column":4},"end":{"line":42,"column":5}}]},"3":{"loc":{"start":{"line":44,"column":4},"end":{"line":51,"column":5}},"type":"if","locations":[{"start":{"line":44,"column":4},"end":{"line":51,"column":5}}]},"4":{"loc":{"start":{"line":56,"column":6},"end":{"line":58,"column":7}},"type":"if","locations":[{"start":{"line":56,"column":6},"end":{"line":58,"column":7}}]},"5":{"loc":{"start":{"line":74,"column":4},"end":{"line":76,"column":5}},"type":"if","locations":[{"start":{"line":74,"column":4},"end":{"line":76,"column":5}}]}},"s":{"0":2,"1":2,"2":2,"3":3,"4":3,"5":3,"6":2,"7":2,"8":1,"9":1,"10":1,"11":1,"12":1,"13":2,"14":2,"15":7,"16":7,"17":7,"18":7,"19":1,"20":6,"21":5,"22":2,"23":3,"24":1,"25":1,"26":1,"27":1,"28":2,"29":2,"30":12,"31":2,"32":2,"33":2,"34":1,"35":2,"36":2,"37":3,"38":3,"39":3,"40":2,"41":2,"42":1,"43":1,"44":1,"45":1,"46":1,"47":2,"48":2,"49":2,"50":2,"51":2,"52":1,"53":1,"54":2},"f":{"0":3,"1":3,"2":7,"3":7,"4":12,"5":3,"6":3,"7":2,"8":2},"b":{"0":[1],"1":[1],"2":[2],"3":[1],"4":[2],"5":[1]}}
,"/home/prado/test-rastro/api-rastro-urbano/src/controllers/userController.ts": {"path":"/home/prado/test-rastro/api-rastro-urbano/src/controllers/userController.ts","statementMap":{"0":{"start":{"line":1,"column":0},"end":{"line":1,"column":33}},"1":{"start":{"line":4,"column":0},"end":{"line":4,"column":34}},"2":{"start":{"line":5,"column":0},"end":{"line":5,"column":67}},"3":{"start":{"line":6,"column":0},"end":{"line":6,"column":51}},"4":{"start":{"line":8,"column":22},"end":{"line":34,"column":2}},"5":{"start":{"line":8,"column":60},"end":{"line":34,"column":2}},"6":{"start":{"line":9,"column":2},"end":{"line":33,"column":3}},"7":{"start":{"line":10,"column":93},"end":{"line":10,"column":101}},"8":{"start":{"line":12,"column":4},"end":{"line":14,"column":5}},"9":{"start":{"line":13,"column":6},"end":{"line":13,"column":85}},"10":{"start":{"line":16,"column":24},"end":{"line":16,"column":62}},"11":{"start":{"line":18,"column":17},"end":{"line":25,"column":6}},"12":{"start":{"line":27,"column":4},"end":{"line":27,"column":41}},"13":{"start":{"line":29,"column":4},"end":{"line":29,"column":22}},"14":{"start":{"line":30,"column":4},"end":{"line":30,"column":31}},"15":{"start":{"line":32,"column":4},"end":{"line":32,"column":76}},"16":{"start":{"line":8,"column":13},"end":{"line":8,"column":22}},"17":{"start":{"line":36,"column":22},"end":{"line":76,"column":2}},"18":{"start":{"line":36,"column":88},"end":{"line":76,"column":2}},"19":{"start":{"line":37,"column":2},"end":{"line":75,"column":3}},"20":{"start":{"line":38,"column":19},"end":{"line":38,"column":33}},"21":{"start":{"line":39,"column":22},"end":{"line":39,"column":49}},"22":{"start":{"line":41,"column":4},"end":{"line":43,"column":5}},"23":{"start":{"line":42,"column":6},"end":{"line":42,"column":73}},"24":{"start":{"line":45,"column":23},"end":{"line":45,"column":32}},"25":{"start":{"line":47,"column":4},"end":{"line":60,"column":5}},"26":{"start":{"line":48,"column":6},"end":{"line":59,"column":9}},"27":{"start":{"line":49,"column":23},"end":{"line":49,"column":42}},"28":{"start":{"line":52,"column":8},"end":{"line":58,"column":9}},"29":{"start":{"line":53,"column":10},"end":{"line":53,"column":46}},"30":{"start":{"line":54,"column":10},"end":{"line":54,"column":56}},"31":{"start":{"line":55,"column":15},"end":{"line":58,"column":9}},"32":{"start":{"line":56,"column":10},"end":{"line":56,"column":44}},"33":{"start":{"line":57,"column":10},"end":{"line":57,"column":52}},"34":{"start":{"line":62,"column":30},"end":{"line":62,"column":80}},"35":{"start":{"line":64,"column":4},"end":{"line":68,"column":7}},"36":{"start":{"line":65,"column":6},"end":{"line":67,"column":7}},"37":{"start":{"line":66,"column":8},"end":{"line":66,"column":38}},"38":{"start":{"line":70,"column":4},"end":{"line":70,"column":22}},"39":{"start":{"line":72,"column":4},"end":{"line":72,"column":60}},"40":{"start":{"line":74,"column":4},"end":{"line":74,"column":69}},"41":{"start":{"line":36,"column":13},"end":{"line":36,"column":22}},"42":{"start":{"line":78,"column":22},"end":{"line":93,"column":2}},"43":{"start":{"line":78,"column":60},"end":{"line":93,"column":2}},"44":{"start":{"line":79,"column":2},"end":{"line":92,"column":3}},"45":{"start":{"line":80,"column":17},"end":{"line":80,"column":51}},"46":{"start":{"line":81,"column":4},"end":{"line":83,"column":5}},"47":{"start":{"line":82,"column":6},"end":{"line":82,"column":73}},"48":{"start":{"line":85,"column":4},"end":{"line":85,"column":46}},"49":{"start":{"line":86,"column":4},"end":{"line":86,"column":44}},"50":{"start":{"line":88,"column":4},"end":{"line":88,"column":24}},"51":{"start":{"line":89,"column":4},"end":{"line":89,"column":58}},"52":{"start":{"line":91,"column":4},"end":{"line":91,"column":67}},"53":{"start":{"line":78,"column":13},"end":{"line":78,"column":22}},"54":{"start":{"line":95,"column":23},"end":{"line":102,"column":2}},"55":{"start":{"line":95,"column":61},"end":{"line":102,"column":2}},"56":{"start":{"line":96,"column":2},"end":{"line":101,"column":3}},"57":{"start":{"line":97,"column":18},"end":{"line":97,"column":35}},"58":{"start":{"line":98,"column":4},"end":{"line":98,"column":20}},"59":{"start":{"line":100,"column":4},"end":{"line":100,"column":69}},"60":{"start":{"line":95,"column":13},"end":{"line":95,"column":23}},"61":{"start":{"line":104,"column":25},"end":{"line":130,"column":2}},"62":{"start":{"line":104,"column":63},"end":{"line":130,"column":2}},"63":{"start":{"line":105,"column":27},"end":{"line":105,"column":35}},"64":{"start":{"line":107,"column":2},"end":{"line":129,"column":3}},"65":{"start":{"line":108,"column":22},"end":{"line":108,"column":51}},"66":{"start":{"line":110,"column":4},"end":{"line":112,"column":5}},"67":{"start":{"line":111,"column":6},"end":{"line":111,"column":78}},"68":{"start":{"line":114,"column":4},"end":{"line":116,"column":5}},"69":{"start":{"line":115,"column":6},"end":{"line":115,"column":93}},"70":{"start":{"line":118,"column":24},"end":{"line":118,"column":63}},"71":{"start":{"line":120,"column":4},"end":{"line":122,"column":5}},"72":{"start":{"line":121,"column":6},"end":{"line":121,"column":85}},"73":{"start":{"line":124,"column":18},"end":{"line":124,"column":41}},"74":{"start":{"line":126,"column":4},"end":{"line":126,"column":36}},"75":{"start":{"line":128,"column":4},"end":{"line":128,"column":78}},"76":{"start":{"line":104,"column":13},"end":{"line":104,"column":25}}},"fnMap":{"0":{"name":"(anonymous_14)","decl":{"start":{"line":8,"column":22},"end":{"line":8,"column":29}},"loc":{"start":{"line":8,"column":60},"end":{"line":34,"column":2}}},"1":{"name":"(anonymous_15)","decl":{"start":{"line":8,"column":60},"end":{"line":8,"column":null}},"loc":{"start":{"line":8,"column":60},"end":{"line":34,"column":1}}},"2":{"name":"(anonymous_16)","decl":{"start":{"line":36,"column":22},"end":{"line":36,"column":29}},"loc":{"start":{"line":36,"column":88},"end":{"line":76,"column":2}}},"3":{"name":"(anonymous_17)","decl":{"start":{"line":36,"column":88},"end":{"line":36,"column":null}},"loc":{"start":{"line":36,"column":88},"end":{"line":76,"column":1}}},"4":{"name":"(anonymous_18)","decl":{"start":{"line":48,"column":33},"end":{"line":48,"column":34}},"loc":{"start":{"line":48,"column":55},"end":{"line":59,"column":7}}},"5":{"name":"(anonymous_19)","decl":{"start":{"line":64,"column":30},"end":{"line":64,"column":31}},"loc":{"start":{"line":64,"column":40},"end":{"line":68,"column":5}}},"6":{"name":"(anonymous_20)","decl":{"start":{"line":78,"column":22},"end":{"line":78,"column":29}},"loc":{"start":{"line":78,"column":60},"end":{"line":93,"column":2}}},"7":{"name":"(anonymous_21)","decl":{"start":{"line":78,"column":60},"end":{"line":78,"column":null}},"loc":{"start":{"line":78,"column":60},"end":{"line":93,"column":1}}},"8":{"name":"(anonymous_22)","decl":{"start":{"line":95,"column":23},"end":{"line":95,"column":30}},"loc":{"start":{"line":95,"column":61},"end":{"line":102,"column":2}}},"9":{"name":"(anonymous_23)","decl":{"start":{"line":95,"column":61},"end":{"line":95,"column":null}},"loc":{"start":{"line":95,"column":61},"end":{"line":102,"column":1}}},"10":{"name":"(anonymous_24)","decl":{"start":{"line":104,"column":25},"end":{"line":104,"column":32}},"loc":{"start":{"line":104,"column":63},"end":{"line":130,"column":2}}},"11":{"name":"(anonymous_25)","decl":{"start":{"line":104,"column":63},"end":{"line":104,"column":null}},"loc":{"start":{"line":104,"column":63},"end":{"line":130,"column":1}}}},"branchMap":{"0":{"loc":{"start":{"line":12,"column":4},"end":{"line":14,"column":5}},"type":"if","locations":[{"start":{"line":12,"column":4},"end":{"line":14,"column":5}}]},"1":{"loc":{"start":{"line":12,"column":8},"end":{"line":12,"column":46}},"type":"binary-expr","locations":[{"start":{"line":12,"column":8},"end":{"line":12,"column":26}},{"start":{"line":12,"column":30},"end":{"line":12,"column":46}}]},"2":{"loc":{"start":{"line":38,"column":19},"end":{"line":38,"column":33}},"type":"cond-expr","locations":[{"start":{"line":38,"column":29},"end":{"line":38,"column":31}},{"start":{"line":38,"column":29},"end":{"line":38,"column":33}}]},"3":{"loc":{"start":{"line":38,"column":19},"end":{"line":38,"column":31}},"type":"binary-expr","locations":[{"start":{"line":38,"column":19},"end":{"line":38,"column":31}},{"start":{"line":38,"column":29},"end":{"line":38,"column":31}}]},"4":{"loc":{"start":{"line":41,"column":4},"end":{"line":43,"column":5}},"type":"if","locations":[{"start":{"line":41,"column":4},"end":{"line":43,"column":5}}]},"5":{"loc":{"start":{"line":47,"column":4},"end":{"line":60,"column":5}},"type":"if","locations":[{"start":{"line":47,"column":4},"end":{"line":60,"column":5}}]},"6":{"loc":{"start":{"line":52,"column":8},"end":{"line":58,"column":9}},"type":"if","locations":[{"start":{"line":52,"column":8},"end":{"line":58,"column":9}},{"start":{"line":55,"column":15},"end":{"line":58,"column":9}}]},"7":{"loc":{"start":{"line":55,"column":15},"end":{"line":58,"column":9}},"type":"if","locations":[{"start":{"line":55,"column":15},"end":{"line":58,"column":9}}]},"8":{"loc":{"start":{"line":65,"column":6},"end":{"line":67,"column":7}},"type":"if","locations":[{"start":{"line":65,"column":6},"end":{"line":67,"column":7}}]},"9":{"loc":{"start":{"line":81,"column":4},"end":{"line":83,"column":5}},"type":"if","locations":[{"start":{"line":81,"column":4},"end":{"line":83,"column":5}}]},"10":{"loc":{"start":{"line":110,"column":4},"end":{"line":112,"column":5}},"type":"if","locations":[{"start":{"line":110,"column":4},"end":{"line":112,"column":5}}]},"11":{"loc":{"start":{"line":114,"column":4},"end":{"line":116,"column":5}},"type":"if","locations":[{"start":{"line":114,"column":4},"end":{"line":116,"column":5}}]},"12":{"loc":{"start":{"line":120,"column":4},"end":{"line":122,"column":5}},"type":"if","locations":[{"start":{"line":120,"column":4},"end":{"line":122,"column":5}}]}},"s":{"0":2,"1":2,"2":2,"3":2,"4":2,"5":3,"6":3,"7":3,"8":2,"9":1,"10":1,"11":1,"12":1,"13":1,"14":1,"15":1,"16":2,"17":2,"18":4,"19":4,"20":4,"21":4,"22":3,"23":1,"24":2,"25":2,"26":1,"27":2,"28":2,"29":0,"30":0,"31":2,"32":0,"33":0,"34":2,"35":2,"36":8,"37":5,"38":2,"39":2,"40":1,"41":2,"42":2,"43":3,"44":3,"45":3,"46":2,"47":1,"48":1,"49":1,"50":1,"51":1,"52":1,"53":2,"54":2,"55":2,"56":2,"57":2,"58":1,"59":1,"60":2,"61":2,"62":4,"63":4,"64":4,"65":4,"66":3,"67":1,"68":2,"69":1,"70":1,"71":1,"72":0,"73":1,"74":1,"75":1,"76":2},"f":{"0":3,"1":3,"2":4,"3":4,"4":2,"5":8,"6":3,"7":3,"8":2,"9":2,"10":4,"11":4},"b":{"0":[1],"1":[2,1],"2":[4,0],"3":[4,4],"4":[1],"5":[1],"6":[0,2],"7":[0],"8":[5],"9":[1],"10":[1],"11":[1],"12":[0]}}
,"/home/prado/test-rastro/api-rastro-urbano/src/middleware/authMiddleware.ts": {"path":"/home/prado/test-rastro/api-rastro-urbano/src/middleware/authMiddleware.ts","statementMap":{"0":{"start":{"line":2,"column":0},"end":{"line":2,"column":49}},"1":{"start":{"line":7,"column":26},"end":{"line":28,"column":2}},"2":{"start":{"line":11,"column":4},"end":{"line":28,"column":2}},"3":{"start":{"line":12,"column":16},"end":{"line":12,"column":43}},"4":{"start":{"line":14,"column":2},"end":{"line":17,"column":3}},"5":{"start":{"line":15,"column":4},"end":{"line":15,"column":42}},"6":{"start":{"line":16,"column":4},"end":{"line":16,"column":50}},"7":{"start":{"line":19,"column":2},"end":{"line":27,"column":3}},"8":{"start":{"line":20,"column":20},"end":{"line":20,"column":54}},"9":{"start":{"line":22,"column":4},"end":{"line":22,"column":32}},"10":{"start":{"line":24,"column":4},"end":{"line":24,"column":11}},"11":{"start":{"line":26,"column":4},"end":{"line":26,"column":43}},"12":{"start":{"line":30,"column":9},"end":{"line":30,"column":26}}},"fnMap":{"0":{"name":"(anonymous_7)","decl":{"start":{"line":7,"column":26},"end":{"line":7,"column":null}},"loc":{"start":{"line":11,"column":4},"end":{"line":28,"column":2}}},"1":{"name":"(anonymous_8)","decl":{"start":{"line":11,"column":4},"end":{"line":11,"column":null}},"loc":{"start":{"line":11,"column":4},"end":{"line":28,"column":1}}}},"branchMap":{"0":{"loc":{"start":{"line":14,"column":2},"end":{"line":17,"column":3}},"type":"if","locations":[{"start":{"line":14,"column":2},"end":{"line":17,"column":3}}]}},"s":{"0":2,"1":2,"2":1,"3":1,"4":1,"5":1,"6":1,"7":0,"8":0,"9":0,"10":0,"11":0,"12":2},"f":{"0":1,"1":1},"b":{"0":[1]}}
,"/home/prado/test-rastro/api-rastro-urbano/src/middleware/uploadMiddleware.ts": {"path":"/home/prado/test-rastro/api-rastro-urbano/src/middleware/uploadMiddleware.ts","statementMap":{"0":{"start":{"line":1,"column":0},"end":{"line":1,"column":36}},"1":{"start":{"line":2,"column":0},"end":{"line":2,"column":32}},"2":{"start":{"line":5,"column":0},"end":{"line":5,"column":28}},"3":{"start":{"line":6,"column":16},"end":{"line":6,"column":38}},"4":{"start":{"line":9,"column":13},"end":{"line":21,"column":20}},"5":{"start":{"line":15,"column":4},"end":{"line":19,"column":5}},"6":{"start":{"line":16,"column":6},"end":{"line":16,"column":21}},"7":{"start":{"line":18,"column":6},"end":{"line":18,"column":59}},"8":{"start":{"line":24,"column":31},"end":{"line":58,"column":1}},"9":{"start":{"line":25,"column":2},"end":{"line":57,"column":3}},"10":{"start":{"line":27,"column":4},"end":{"line":29,"column":5}},"11":{"start":{"line":28,"column":6},"end":{"line":28,"column":null}},"12":{"start":{"line":31,"column":24},"end":{"line":31,"column":36}},"13":{"start":{"line":33,"column":21},"end":{"line":33,"column":38}},"14":{"start":{"line":34,"column":4},"end":{"line":34,"column":37}},"15":{"start":{"line":36,"column":17},"end":{"line":36,"column":37}},"16":{"start":{"line":37,"column":19},"end":{"line":41,"column":6}},"17":{"start":{"line":43,"column":4},"end":{"line":46,"column":7}},"18":{"start":{"line":44,"column":6},"end":{"line":44,"column":21}},"19":{"start":{"line":45,"column":6},"end":{"line":45,"column":14}},"20":{"start":{"line":48,"column":4},"end":{"line":52,"column":7}},"21":{"start":{"line":48,"column":35},"end":{"line":52,"column":6}},"22":{"start":{"line":49,"column":6},"end":{"line":49,"column":30}},"23":{"start":{"line":50,"column":6},"end":{"line":50,"column":86}},"24":{"start":{"line":51,"column":6},"end":{"line":51,"column":13}},"25":{"start":{"line":54,"column":4},"end":{"line":54,"column":30}},"26":{"start":{"line":56,"column":4},"end":{"line":56,"column":101}},"27":{"start":{"line":24,"column":13},"end":{"line":24,"column":31}},"28":{"start":{"line":60,"column":39},"end":{"line":100,"column":1}},"29":{"start":{"line":61,"column":2},"end":{"line":99,"column":3}},"30":{"start":{"line":64,"column":4},"end":{"line":66,"column":5}},"31":{"start":{"line":65,"column":6},"end":{"line":65,"column":81}},"32":{"start":{"line":68,"column":4},"end":{"line":68,"column":55}},"33":{"start":{"line":69,"column":4},"end":{"line":69,"column":53}},"34":{"start":{"line":71,"column":4},"end":{"line":71,"column":26}},"35":{"start":{"line":73,"column":4},"end":{"line":94,"column":7}},"36":{"start":{"line":74,"column":26},"end":{"line":74,"column":101}},"37":{"start":{"line":76,"column":19},"end":{"line":76,"column":42}},"38":{"start":{"line":77,"column":21},"end":{"line":81,"column":8}},"39":{"start":{"line":83,"column":6},"end":{"line":86,"column":9}},"40":{"start":{"line":84,"column":8},"end":{"line":84,"column":23}},"41":{"start":{"line":85,"column":8},"end":{"line":85,"column":16}},"42":{"start":{"line":88,"column":6},"end":{"line":91,"column":9}},"43":{"start":{"line":88,"column":37},"end":{"line":91,"column":8}},"44":{"start":{"line":89,"column":8},"end":{"line":89,"column":32}},"45":{"start":{"line":90,"column":8},"end":{"line":90,"column":91}},"46":{"start":{"line":93,"column":6},"end":{"line":93,"column":32}},"47":{"start":{"line":96,"column":4},"end":{"line":96,"column":11}},"48":{"start":{"line":98,"column":4},"end":{"line":98,"column":103}},"49":{"start":{"line":60,"column":13},"end":{"line":60,"column":39}},"50":{"start":{"line":103,"column":31},"end":{"line":136,"column":1}},"51":{"start":{"line":104,"column":2},"end":{"line":135,"column":3}},"52":{"start":{"line":105,"column":4},"end":{"line":107,"column":5}},"53":{"start":{"line":106,"column":6},"end":{"line":106,"column":20}},"54":{"start":{"line":109,"column":24},"end":{"line":109,"column":36}},"55":{"start":{"line":111,"column":21},"end":{"line":111,"column":38}},"56":{"start":{"line":112,"column":4},"end":{"line":112,"column":37}},"57":{"start":{"line":114,"column":17},"end":{"line":114,"column":37}},"58":{"start":{"line":115,"column":19},"end":{"line":119,"column":6}},"59":{"start":{"line":121,"column":4},"end":{"line":124,"column":7}},"60":{"start":{"line":122,"column":6},"end":{"line":122,"column":21}},"61":{"start":{"line":123,"column":6},"end":{"line":123,"column":14}},"62":{"start":{"line":126,"column":4},"end":{"line":130,"column":7}},"63":{"start":{"line":126,"column":35},"end":{"line":130,"column":6}},"64":{"start":{"line":127,"column":6},"end":{"line":127,"column":30}},"65":{"start":{"line":128,"column":6},"end":{"line":128,"column":86}},"66":{"start":{"line":129,"column":6},"end":{"line":129,"column":13}},"67":{"start":{"line":132,"column":4},"end":{"line":132,"column":30}},"68":{"start":{"line":134,"column":4},"end":{"line":134,"column":101}},"69":{"start":{"line":103,"column":13},"end":{"line":103,"column":31}},"70":{"start":{"line":138,"column":13},"end":{"line":153,"column":3}},"71":{"start":{"line":144,"column":4},"end":{"line":148,"column":5}},"72":{"start":{"line":145,"column":6},"end":{"line":145,"column":21}},"73":{"start":{"line":147,"column":6},"end":{"line":147,"column":59}},"74":{"start":{"line":155,"column":39},"end":{"line":221,"column":2}},"75":{"start":{"line":155,"column":106},"end":{"line":221,"column":2}},"76":{"start":{"line":156,"column":2},"end":{"line":220,"column":3}},"77":{"start":{"line":157,"column":4},"end":{"line":159,"column":5}},"78":{"start":{"line":158,"column":6},"end":{"line":158,"column":20}},"79":{"start":{"line":161,"column":23},"end":{"line":161,"column":36}},"80":{"start":{"line":164,"column":4},"end":{"line":188,"column":5}},"81":{"start":{"line":165,"column":27},"end":{"line":165,"column":50}},"82":{"start":{"line":166,"column":32},"end":{"line":166,"column":49}},"83":{"start":{"line":168,"column":6},"end":{"line":168,"column":57}},"84":{"start":{"line":170,"column":25},"end":{"line":170,"column":54}},"85":{"start":{"line":171,"column":27},"end":{"line":175,"column":8}},"86":{"start":{"line":177,"column":6},"end":{"line":180,"column":9}},"87":{"start":{"line":178,"column":8},"end":{"line":178,"column":23}},"88":{"start":{"line":179,"column":8},"end":{"line":179,"column":16}},"89":{"start":{"line":182,"column":6},"end":{"line":185,"column":9}},"90":{"start":{"line":182,"column":43},"end":{"line":185,"column":8}},"91":{"start":{"line":183,"column":8},"end":{"line":183,"column":38}},"92":{"start":{"line":184,"column":8},"end":{"line":184,"column":103}},"93":{"start":{"line":187,"column":6},"end":{"line":187,"column":44}},"94":{"start":{"line":191,"column":4},"end":{"line":215,"column":5}},"95":{"start":{"line":192,"column":25},"end":{"line":192,"column":46}},"96":{"start":{"line":193,"column":30},"end":{"line":193,"column":47}},"97":{"start":{"line":195,"column":6},"end":{"line":195,"column":53}},"98":{"start":{"line":197,"column":23},"end":{"line":197,"column":50}},"99":{"start":{"line":198,"column":25},"end":{"line":202,"column":8}},"100":{"start":{"line":204,"column":6},"end":{"line":207,"column":9}},"101":{"start":{"line":205,"column":8},"end":{"line":205,"column":23}},"102":{"start":{"line":206,"column":8},"end":{"line":206,"column":16}},"103":{"start":{"line":209,"column":6},"end":{"line":212,"column":9}},"104":{"start":{"line":209,"column":41},"end":{"line":212,"column":8}},"105":{"start":{"line":210,"column":8},"end":{"line":210,"column":36}},"106":{"start":{"line":211,"column":8},"end":{"line":211,"column":99}},"107":{"start":{"line":214,"column":6},"end":{"line":214,"column":40}},"108":{"start":{"line":217,"column":4},"end":{"line":217,"column":11}},"109":{"start":{"line":219,"column":4},"end":{"line":219,"column":103}},"110":{"start":{"line":155,"column":13},"end":{"line":155,"column":39}},"111":{"start":{"line":224,"column":33},"end":{"line":243,"column":2}},"112":{"start":{"line":224,"column":75},"end":{"line":243,"column":2}},"113":{"start":{"line":225,"column":2},"end":{"line":242,"column":3}},"114":{"start":{"line":226,"column":4},"end":{"line":229,"column":5}},"115":{"start":{"line":227,"column":6},"end":{"line":227,"column":72}},"116":{"start":{"line":228,"column":6},"end":{"line":228,"column":13}},"117":{"start":{"line":230,"column":17},"end":{"line":230,"column":40}},"118":{"start":{"line":232,"column":21},"end":{"line":232,"column":40}},"119":{"start":{"line":233,"column":4},"end":{"line":238,"column":5}},"120":{"start":{"line":234,"column":6},"end":{"line":234,"column":26}},"121":{"start":{"line":235,"column":6},"end":{"line":235,"column":73}},"122":{"start":{"line":237,"column":6},"end":{"line":237,"column":79}},"123":{"start":{"line":240,"column":4},"end":{"line":240,"column":90}},"124":{"start":{"line":241,"column":4},"end":{"line":241,"column":16}},"125":{"start":{"line":224,"column":13},"end":{"line":224,"column":33}}},"fnMap":{"0":{"name":"(anonymous_8)","decl":{"start":{"line":14,"column":14},"end":{"line":14,"column":15}},"loc":{"start":{"line":14,"column":45},"end":{"line":20,"column":3}}},"1":{"name":"(anonymous_9)","decl":{"start":{"line":24,"column":31},"end":{"line":24,"column":32}},"loc":{"start":{"line":24,"column":92},"end":{"line":58,"column":1}}},"2":{"name":"(anonymous_10)","decl":{"start":{"line":43,"column":23},"end":{"line":43,"column":24}},"loc":{"start":{"line":43,"column":29},"end":{"line":46,"column":5}}},"3":{"name":"(anonymous_11)","decl":{"start":{"line":48,"column":24},"end":{"line":48,"column":33}},"loc":{"start":{"line":48,"column":35},"end":{"line":52,"column":6}}},"4":{"name":"(anonymous_12)","decl":{"start":{"line":48,"column":35},"end":{"line":48,"column":null}},"loc":{"start":{"line":48,"column":35},"end":{"line":52,"column":5}}},"5":{"name":"(anonymous_13)","decl":{"start":{"line":60,"column":39},"end":{"line":60,"column":40}},"loc":{"start":{"line":60,"column":100},"end":{"line":100,"column":1}}},"6":{"name":"(anonymous_14)","decl":{"start":{"line":73,"column":18},"end":{"line":73,"column":19}},"loc":{"start":{"line":73,"column":49},"end":{"line":94,"column":5}}},"7":{"name":"(anonymous_15)","decl":{"start":{"line":83,"column":25},"end":{"line":83,"column":26}},"loc":{"start":{"line":83,"column":31},"end":{"line":86,"column":7}}},"8":{"name":"(anonymous_16)","decl":{"start":{"line":88,"column":26},"end":{"line":88,"column":35}},"loc":{"start":{"line":88,"column":37},"end":{"line":91,"column":8}}},"9":{"name":"(anonymous_17)","decl":{"start":{"line":88,"column":37},"end":{"line":88,"column":null}},"loc":{"start":{"line":88,"column":37},"end":{"line":91,"column":7}}},"10":{"name":"(anonymous_18)","decl":{"start":{"line":103,"column":31},"end":{"line":103,"column":32}},"loc":{"start":{"line":103,"column":92},"end":{"line":136,"column":1}}},"11":{"name":"(anonymous_19)","decl":{"start":{"line":121,"column":23},"end":{"line":121,"column":24}},"loc":{"start":{"line":121,"column":29},"end":{"line":124,"column":5}}},"12":{"name":"(anonymous_20)","decl":{"start":{"line":126,"column":24},"end":{"line":126,"column":33}},"loc":{"start":{"line":126,"column":35},"end":{"line":130,"column":6}}},"13":{"name":"(anonymous_21)","decl":{"start":{"line":126,"column":35},"end":{"line":126,"column":null}},"loc":{"start":{"line":126,"column":35},"end":{"line":130,"column":5}}},"14":{"name":"(anonymous_22)","decl":{"start":{"line":143,"column":14},"end":{"line":143,"column":15}},"loc":{"start":{"line":143,"column":45},"end":{"line":149,"column":3}}},"15":{"name":"(anonymous_23)","decl":{"start":{"line":155,"column":39},"end":{"line":155,"column":46}},"loc":{"start":{"line":155,"column":106},"end":{"line":221,"column":2}}},"16":{"name":"(anonymous_24)","decl":{"start":{"line":155,"column":106},"end":{"line":155,"column":null}},"loc":{"start":{"line":155,"column":106},"end":{"line":221,"column":1}}},"17":{"name":"(anonymous_25)","decl":{"start":{"line":177,"column":31},"end":{"line":177,"column":32}},"loc":{"start":{"line":177,"column":37},"end":{"line":180,"column":7}}},"18":{"name":"(anonymous_26)","decl":{"start":{"line":182,"column":32},"end":{"line":182,"column":41}},"loc":{"start":{"line":182,"column":43},"end":{"line":185,"column":8}}},"19":{"name":"(anonymous_27)","decl":{"start":{"line":182,"column":43},"end":{"line":182,"column":null}},"loc":{"start":{"line":182,"column":43},"end":{"line":185,"column":7}}},"20":{"name":"(anonymous_28)","decl":{"start":{"line":204,"column":29},"end":{"line":204,"column":30}},"loc":{"start":{"line":204,"column":35},"end":{"line":207,"column":7}}},"21":{"name":"(anonymous_29)","decl":{"start":{"line":209,"column":30},"end":{"line":209,"column":39}},"loc":{"start":{"line":209,"column":41},"end":{"line":212,"column":8}}},"22":{"name":"(anonymous_30)","decl":{"start":{"line":209,"column":41},"end":{"line":209,"column":null}},"loc":{"start":{"line":209,"column":41},"end":{"line":212,"column":7}}},"23":{"name":"(anonymous_31)","decl":{"start":{"line":224,"column":33},"end":{"line":224,"column":40}},"loc":{"start":{"line":224,"column":75},"end":{"line":243,"column":2}}},"24":{"name":"(anonymous_32)","decl":{"start":{"line":224,"column":75},"end":{"line":224,"column":null}},"loc":{"start":{"line":224,"column":75},"end":{"line":243,"column":1}}}},"branchMap":{"0":{"loc":{"start":{"line":15,"column":4},"end":{"line":19,"column":5}},"type":"if","locations":[{"start":{"line":15,"column":4},"end":{"line":19,"column":5}},{"start":{"line":17,"column":11},"end":{"line":19,"column":5}}]},"1":{"loc":{"start":{"line":27,"column":4},"end":{"line":29,"column":5}},"type":"if","locations":[{"start":{"line":27,"column":4},"end":{"line":29,"column":5}}]},"2":{"loc":{"start":{"line":64,"column":4},"end":{"line":66,"column":5}},"type":"if","locations":[{"start":{"line":64,"column":4},"end":{"line":66,"column":5}}]},"3":{"loc":{"start":{"line":64,"column":8},"end":{"line":64,"column":52}},"type":"binary-expr","locations":[{"start":{"line":64,"column":8},"end":{"line":64,"column":22}},{"start":{"line":64,"column":26},"end":{"line":64,"column":52}}]},"4":{"loc":{"start":{"line":74,"column":26},"end":{"line":74,"column":101}},"type":"cond-expr","locations":[{"start":{"line":74,"column":40},"end":{"line":74,"column":70}},{"start":{"line":74,"column":73},"end":{"line":74,"column":101}}]},"5":{"loc":{"start":{"line":105,"column":4},"end":{"line":107,"column":5}},"type":"if","locations":[{"start":{"line":105,"column":4},"end":{"line":107,"column":5}}]},"6":{"loc":{"start":{"line":144,"column":4},"end":{"line":148,"column":5}},"type":"if","locations":[{"start":{"line":144,"column":4},"end":{"line":148,"column":5}},{"start":{"line":146,"column":11},"end":{"line":148,"column":5}}]},"7":{"loc":{"start":{"line":157,"column":4},"end":{"line":159,"column":5}},"type":"if","locations":[{"start":{"line":157,"column":4},"end":{"line":159,"column":5}}]},"8":{"loc":{"start":{"line":157,"column":8},"end":{"line":157,"column":52}},"type":"binary-expr","locations":[{"start":{"line":157,"column":8},"end":{"line":157,"column":22}},{"start":{"line":157,"column":26},"end":{"line":157,"column":52}}]},"9":{"loc":{"start":{"line":164,"column":4},"end":{"line":188,"column":5}},"type":"if","locations":[{"start":{"line":164,"column":4},"end":{"line":188,"column":5}}]},"10":{"loc":{"start":{"line":191,"column":4},"end":{"line":215,"column":5}},"type":"if","locations":[{"start":{"line":191,"column":4},"end":{"line":215,"column":5}}]},"11":{"loc":{"start":{"line":226,"column":4},"end":{"line":229,"column":5}},"type":"if","locations":[{"start":{"line":226,"column":4},"end":{"line":229,"column":5}}]},"12":{"loc":{"start":{"line":233,"column":4},"end":{"line":238,"column":5}},"type":"if","locations":[{"start":{"line":233,"column":4},"end":{"line":238,"column":5}},{"start":{"line":236,"column":11},"end":{"line":238,"column":5}}]}},"s":{"0":4,"1":4,"2":4,"3":4,"4":4,"5":0,"6":0,"7":0,"8":4,"9":1,"10":1,"11":1,"12":0,"13":0,"14":0,"15":0,"16":0,"17":0,"18":0,"19":0,"20":0,"21":0,"22":0,"23":0,"24":0,"25":0,"26":1,"27":4,"28":4,"29":1,"30":1,"31":1,"32":0,"33":0,"34":0,"35":0,"36":0,"37":0,"38":0,"39":0,"40":0,"41":0,"42":0,"43":0,"44":0,"45":0,"46":0,"47":0,"48":0,"49":4,"50":4,"51":1,"52":1,"53":1,"54":0,"55":0,"56":0,"57":0,"58":0,"59":0,"60":0,"61":0,"62":0,"63":0,"64":0,"65":0,"66":0,"67":0,"68":1,"69":4,"70":4,"71":0,"72":0,"73":0,"74":4,"75":1,"76":1,"77":1,"78":1,"79":0,"80":0,"81":0,"82":0,"83":0,"84":0,"85":0,"86":0,"87":0,"88":0,"89":0,"90":0,"91":0,"92":0,"93":0,"94":0,"95":0,"96":0,"97":0,"98":0,"99":0,"100":0,"101":0,"102":0,"103":0,"104":0,"105":0,"106":0,"107":0,"108":0,"109":1,"110":4,"111":4,"112":4,"113":4,"114":4,"115":0,"116":0,"117":4,"118":4,"119":4,"120":0,"121":0,"122":4,"123":0,"124":0,"125":4},"f":{"0":0,"1":1,"2":0,"3":0,"4":0,"5":1,"6":0,"7":0,"8":0,"9":0,"10":1,"11":0,"12":0,"13":0,"14":0,"15":1,"16":1,"17":0,"18":0,"19":0,"20":0,"21":0,"22":0,"23":4,"24":4},"b":{"0":[0,0],"1":[1],"2":[1],"3":[1,0],"4":[0,0],"5":[1],"6":[0,0],"7":[1],"8":[1,0],"9":[0],"10":[0],"11":[0],"12":[0,4]}}
,"/home/prado/test-rastro/api-rastro-urbano/src/models/Arte.ts": {"path":"/home/prado/test-rastro/api-rastro-urbano/src/models/Arte.ts","statementMap":{"0":{"start":{"line":1,"column":0},"end":{"line":1,"column":32}},"1":{"start":{"line":3,"column":19},"end":{"line":3,"column":27}},"2":{"start":{"line":5,"column":19},"end":{"line":13,"column":2}},"3":{"start":{"line":15,"column":0},"end":{"line":15,"column":50}}},"fnMap":{},"branchMap":{},"s":{"0":2,"1":2,"2":2,"3":2},"f":{},"b":{}}
,"/home/prado/test-rastro/api-rastro-urbano/src/models/User.ts": {"path":"/home/prado/test-rastro/api-rastro-urbano/src/models/User.ts","statementMap":{"0":{"start":{"line":1,"column":0},"end":{"line":1,"column":32}},"1":{"start":{"line":3,"column":19},"end":{"line":3,"column":27}},"2":{"start":{"line":5,"column":19},"end":{"line":12,"column":2}},"3":{"start":{"line":14,"column":0},"end":{"line":14,"column":50}}},"fnMap":{},"branchMap":{},"s":{"0":2,"1":2,"2":2,"3":2},"f":{},"b":{}}
,"/home/prado/test-rastro/api-rastro-urbano/src/routes/arteRoute.ts": {"path":"/home/prado/test-rastro/api-rastro-urbano/src/routes/arteRoute.ts","statementMap":{"0":{"start":{"line":1,"column":0},"end":{"line":1,"column":30}},"1":{"start":{"line":2,"column":0},"end":{"line":2,"column":96}},"2":{"start":{"line":3,"column":0},"end":{"line":3,"column":80}},"3":{"start":{"line":4,"column":0},"end":{"line":4,"column":65}},"4":{"start":{"line":6,"column":15},"end":{"line":6,"column":31}},"5":{"start":{"line":9,"column":0},"end":{"line":9,"column":85}},"6":{"start":{"line":11,"column":0},"end":{"line":11,"column":49}},"7":{"start":{"line":13,"column":0},"end":{"line":13,"column":88}},"8":{"start":{"line":15,"column":0},"end":{"line":15,"column":60}},"9":{"start":{"line":17,"column":0},"end":{"line":17,"column":22}}},"fnMap":{},"branchMap":{},"s":{"0":1,"1":1,"2":1,"3":1,"4":1,"5":1,"6":1,"7":1,"8":1,"9":1},"f":{},"b":{}}
,"/home/prado/test-rastro/api-rastro-urbano/src/routes/userRoute.ts": {"path":"/home/prado/test-rastro/api-rastro-urbano/src/routes/userRoute.ts","statementMap":{"0":{"start":{"line":1,"column":0},"end":{"line":1,"column":30}},"1":{"start":{"line":2,"column":0},"end":{"line":2,"column":96}},"2":{"start":{"line":3,"column":0},"end":{"line":3,"column":91}},"3":{"start":{"line":4,"column":0},"end":{"line":4,"column":65}},"4":{"start":{"line":6,"column":19},"end":{"line":6,"column":35}},"5":{"start":{"line":8,"column":0},"end":{"line":8,"column":37}},"6":{"start":{"line":10,"column":0},"end":{"line":10,"column":87}},"7":{"start":{"line":12,"column":0},"end":{"line":12,"column":53}},"8":{"start":{"line":14,"column":0},"end":{"line":14,"column":90}},"9":{"start":{"line":16,"column":0},"end":{"line":16,"column":45}},"10":{"start":{"line":18,"column":0},"end":{"line":18,"column":26}}},"fnMap":{},"branchMap":{},"s":{"0":1,"1":1,"2":1,"3":1,"4":1,"5":1,"6":1,"7":1,"8":1,"9":1,"10":1},"f":{},"b":{}}
}
