TN:
SF:src/app.ts
FN:22,(anonymous_1)
FNF:1
FNH:1
FNDA:1,(anonymous_1)
DA:1,1
DA:2,1
DA:3,1
DA:5,1
DA:6,1
DA:7,1
DA:9,1
DA:11,1
DA:13,1
DA:14,1
DA:15,1
DA:17,1
DA:18,1
DA:20,1
DA:22,1
DA:23,1
DA:26,1
LF:17
LH:17
BRDA:20,0,0,1
BRDA:20,0,1,0
BRF:2
BRH:1
end_of_record
TN:
SF:src/db.ts
FN:8,main
FN:13,(anonymous_10)
FNF:2
FNH:1
FNDA:1,main
FNDA:0,(anonymous_10)
DA:1,1
DA:2,1
DA:4,1
DA:6,1
DA:9,1
DA:10,0
DA:13,1
DA:15,1
LF:8
LH:7
BRF:0
BRH:0
end_of_record
TN:
SF:src/firebase.ts
FNF:0
FNH:0
DA:1,4
DA:2,4
DA:4,4
DA:9,4
DA:11,4
LF:5
LH:5
BRF:0
BRH:0
end_of_record
TN:
SF:src/auth/jwtService.ts
FN:3,(anonymous_1)
FN:7,(anonymous_2)
FNF:2
FNH:1
FNDA:1,(anonymous_1)
FNDA:0,(anonymous_2)
DA:1,3
DA:3,3
DA:4,1
DA:7,3
DA:8,0
DA:11,3
LF:6
LH:5
BRF:0
BRH:0
end_of_record
TN:
SF:src/controllers/arteController.ts
FN:5,(anonymous_8)
FN:5,(anonymous_9)
FN:31,(anonymous_10)
FN:31,(anonymous_11)
FN:55,(anonymous_12)
FN:69,(anonymous_13)
FN:69,(anonymous_14)
FN:90,(anonymous_15)
FN:90,(anonymous_16)
FNF:9
FNH:9
FNDA:3,(anonymous_8)
FNDA:3,(anonymous_9)
FNDA:7,(anonymous_10)
FNDA:7,(anonymous_11)
FNDA:12,(anonymous_12)
FNDA:3,(anonymous_13)
FNDA:3,(anonymous_14)
FNDA:2,(anonymous_15)
FNDA:2,(anonymous_16)
DA:1,2
DA:3,2
DA:5,3
DA:6,3
DA:7,3
DA:8,2
DA:10,2
DA:11,1
DA:14,1
DA:24,1
DA:25,1
DA:27,1
DA:31,7
DA:32,7
DA:33,7
DA:34,7
DA:35,1
DA:37,6
DA:40,5
DA:41,2
DA:44,3
DA:45,1
DA:46,1
DA:48,1
DA:50,1
DA:53,2
DA:55,2
DA:56,12
DA:57,2
DA:61,2
DA:63,2
DA:65,1
DA:69,3
DA:70,3
DA:71,3
DA:72,2
DA:74,2
DA:75,1
DA:79,1
DA:82,1
DA:84,1
DA:86,1
DA:90,2
DA:91,2
DA:92,2
DA:93,1
DA:95,1
LF:47
LH:47
BRDA:10,0,0,1
BRDA:34,1,0,1
BRDA:40,2,0,2
BRDA:44,3,0,1
BRDA:56,4,0,2
BRDA:74,5,0,1
BRF:6
BRH:6
end_of_record
TN:
SF:src/controllers/userController.ts
FN:8,(anonymous_14)
FN:8,(anonymous_15)
FN:36,(anonymous_16)
FN:36,(anonymous_17)
FN:48,(anonymous_18)
FN:64,(anonymous_19)
FN:78,(anonymous_20)
FN:78,(anonymous_21)
FN:95,(anonymous_22)
FN:95,(anonymous_23)
FN:104,(anonymous_24)
FN:104,(anonymous_25)
FNF:12
FNH:12
FNDA:3,(anonymous_14)
FNDA:3,(anonymous_15)
FNDA:4,(anonymous_16)
FNDA:4,(anonymous_17)
FNDA:2,(anonymous_18)
FNDA:8,(anonymous_19)
FNDA:3,(anonymous_20)
FNDA:3,(anonymous_21)
FNDA:2,(anonymous_22)
FNDA:2,(anonymous_23)
FNDA:4,(anonymous_24)
FNDA:4,(anonymous_25)
DA:1,2
DA:4,2
DA:5,2
DA:6,2
DA:8,3
DA:9,3
DA:10,3
DA:12,2
DA:13,1
DA:16,1
DA:18,1
DA:27,1
DA:29,1
DA:30,1
DA:32,1
DA:36,4
DA:37,4
DA:38,4
DA:39,4
DA:41,3
DA:42,1
DA:45,2
DA:47,2
DA:48,1
DA:49,2
DA:52,2
DA:53,0
DA:54,0
DA:55,2
DA:56,0
DA:57,0
DA:62,2
DA:64,2
DA:65,8
DA:66,5
DA:70,2
DA:72,2
DA:74,1
DA:78,3
DA:79,3
DA:80,3
DA:81,2
DA:82,1
DA:85,1
DA:86,1
DA:88,1
DA:89,1
DA:91,1
DA:95,2
DA:96,2
DA:97,2
DA:98,1
DA:100,1
DA:104,4
DA:105,4
DA:107,4
DA:108,4
DA:110,3
DA:111,1
DA:114,2
DA:115,1
DA:118,1
DA:120,1
DA:121,0
DA:124,1
DA:126,1
DA:128,1
LF:67
LH:62
BRDA:12,0,0,1
BRDA:12,1,0,2
BRDA:12,1,1,1
BRDA:38,2,0,4
BRDA:38,2,1,0
BRDA:38,3,0,4
BRDA:38,3,1,4
BRDA:41,4,0,1
BRDA:47,5,0,1
BRDA:52,6,0,0
BRDA:52,6,1,2
BRDA:55,7,0,0
BRDA:65,8,0,5
BRDA:81,9,0,1
BRDA:110,10,0,1
BRDA:114,11,0,1
BRDA:120,12,0,0
BRF:17
BRH:13
end_of_record
TN:
SF:src/middleware/authMiddleware.ts
FN:7,(anonymous_7)
FN:11,(anonymous_8)
FNF:2
FNH:2
FNDA:1,(anonymous_7)
FNDA:1,(anonymous_8)
DA:2,2
DA:7,2
DA:11,1
DA:12,1
DA:14,1
DA:15,1
DA:16,1
DA:19,0
DA:20,0
DA:22,0
DA:24,0
DA:26,0
DA:30,2
LF:13
LH:8
BRDA:14,0,0,1
BRF:1
BRH:1
end_of_record
TN:
SF:src/middleware/uploadMiddleware.ts
FN:14,(anonymous_8)
FN:24,(anonymous_9)
FN:43,(anonymous_10)
FN:48,(anonymous_11)
FN:48,(anonymous_12)
FN:60,(anonymous_13)
FN:73,(anonymous_14)
FN:83,(anonymous_15)
FN:88,(anonymous_16)
FN:88,(anonymous_17)
FN:103,(anonymous_18)
FN:121,(anonymous_19)
FN:126,(anonymous_20)
FN:126,(anonymous_21)
FN:143,(anonymous_22)
FN:155,(anonymous_23)
FN:155,(anonymous_24)
FN:177,(anonymous_25)
FN:182,(anonymous_26)
FN:182,(anonymous_27)
FN:204,(anonymous_28)
FN:209,(anonymous_29)
FN:209,(anonymous_30)
FN:224,(anonymous_31)
FN:224,(anonymous_32)
FNF:25
FNH:7
FNDA:0,(anonymous_8)
FNDA:1,(anonymous_9)
FNDA:0,(anonymous_10)
FNDA:0,(anonymous_11)
FNDA:0,(anonymous_12)
FNDA:1,(anonymous_13)
FNDA:0,(anonymous_14)
FNDA:0,(anonymous_15)
FNDA:0,(anonymous_16)
FNDA:0,(anonymous_17)
FNDA:1,(anonymous_18)
FNDA:0,(anonymous_19)
FNDA:0,(anonymous_20)
FNDA:0,(anonymous_21)
FNDA:0,(anonymous_22)
FNDA:1,(anonymous_23)
FNDA:1,(anonymous_24)
FNDA:0,(anonymous_25)
FNDA:0,(anonymous_26)
FNDA:0,(anonymous_27)
FNDA:0,(anonymous_28)
FNDA:0,(anonymous_29)
FNDA:0,(anonymous_30)
FNDA:4,(anonymous_31)
FNDA:4,(anonymous_32)
DA:1,4
DA:2,4
DA:5,4
DA:6,4
DA:9,4
DA:15,0
DA:16,0
DA:18,0
DA:24,4
DA:25,1
DA:27,1
DA:28,1
DA:31,0
DA:33,0
DA:34,0
DA:36,0
DA:37,0
DA:43,0
DA:44,0
DA:45,0
DA:48,0
DA:49,0
DA:50,0
DA:51,0
DA:54,0
DA:56,1
DA:60,4
DA:61,1
DA:64,1
DA:65,1
DA:68,0
DA:69,0
DA:71,0
DA:73,0
DA:74,0
DA:76,0
DA:77,0
DA:83,0
DA:84,0
DA:85,0
DA:88,0
DA:89,0
DA:90,0
DA:93,0
DA:96,0
DA:98,0
DA:103,4
DA:104,1
DA:105,1
DA:106,1
DA:109,0
DA:111,0
DA:112,0
DA:114,0
DA:115,0
DA:121,0
DA:122,0
DA:123,0
DA:126,0
DA:127,0
DA:128,0
DA:129,0
DA:132,0
DA:134,1
DA:138,4
DA:144,0
DA:145,0
DA:147,0
DA:155,4
DA:156,1
DA:157,1
DA:158,1
DA:161,0
DA:164,0
DA:165,0
DA:166,0
DA:168,0
DA:170,0
DA:171,0
DA:177,0
DA:178,0
DA:179,0
DA:182,0
DA:183,0
DA:184,0
DA:187,0
DA:191,0
DA:192,0
DA:193,0
DA:195,0
DA:197,0
DA:198,0
DA:204,0
DA:205,0
DA:206,0
DA:209,0
DA:210,0
DA:211,0
DA:214,0
DA:217,0
DA:219,1
DA:224,4
DA:225,4
DA:226,4
DA:227,0
DA:228,0
DA:230,4
DA:232,4
DA:233,4
DA:234,0
DA:235,0
DA:237,4
DA:240,0
DA:241,0
LF:114
LH:32
BRDA:15,0,0,0
BRDA:15,0,1,0
BRDA:27,1,0,1
BRDA:64,2,0,1
BRDA:64,3,0,1
BRDA:64,3,1,0
BRDA:74,4,0,0
BRDA:74,4,1,0
BRDA:105,5,0,1
BRDA:144,6,0,0
BRDA:144,6,1,0
BRDA:157,7,0,1
BRDA:157,8,0,1
BRDA:157,8,1,0
BRDA:164,9,0,0
BRDA:191,10,0,0
BRDA:226,11,0,0
BRDA:233,12,0,0
BRDA:233,12,1,4
BRF:19
BRH:7
end_of_record
TN:
SF:src/models/Arte.ts
FNF:0
FNH:0
DA:1,2
DA:3,2
DA:5,2
DA:15,2
LF:4
LH:4
BRF:0
BRH:0
end_of_record
TN:
SF:src/models/User.ts
FNF:0
FNH:0
DA:1,2
DA:3,2
DA:5,2
DA:14,2
LF:4
LH:4
BRF:0
BRH:0
end_of_record
TN:
SF:src/routes/arteRoute.ts
FNF:0
FNH:0
DA:1,1
DA:2,1
DA:3,1
DA:4,1
DA:6,1
DA:9,1
DA:11,1
DA:13,1
DA:15,1
DA:17,1
LF:10
LH:10
BRF:0
BRH:0
end_of_record
TN:
SF:src/routes/userRoute.ts
FNF:0
FNH:0
DA:1,1
DA:2,1
DA:3,1
DA:4,1
DA:6,1
DA:8,1
DA:10,1
DA:12,1
DA:14,1
DA:16,1
DA:18,1
LF:11
LH:11
BRF:0
BRH:0
end_of_record
