TN:
SF:src/app.ts
FN:22,(anonymous_1)
FNF:1
FNH:1
FNDA:1,(anonymous_1)
DA:1,1
DA:2,1
DA:3,1
DA:5,1
DA:6,1
DA:7,1
DA:9,1
DA:11,1
DA:13,1
DA:14,1
DA:15,1
DA:17,1
DA:18,1
DA:20,1
DA:22,1
DA:23,1
DA:26,1
LF:17
LH:17
BRDA:20,0,0,1
BRDA:20,0,1,0
BRF:2
BRH:1
end_of_record
TN:
SF:src/db.ts
FN:8,main
FN:13,(anonymous_10)
FNF:2
FNH:1
FNDA:1,main
FNDA:0,(anonymous_10)
DA:1,1
DA:2,1
DA:4,1
DA:6,1
DA:9,1
DA:10,0
DA:13,1
DA:15,1
LF:8
LH:7
BRF:0
BRH:0
end_of_record
TN:
SF:src/firebase.ts
FNF:0
FNH:0
DA:1,3
DA:2,3
DA:4,3
DA:9,3
DA:11,3
LF:5
LH:5
BRF:0
BRH:0
end_of_record
TN:
SF:src/auth/jwtService.ts
FN:3,(anonymous_1)
FN:7,(anonymous_2)
FNF:2
FNH:1
FNDA:1,(anonymous_1)
FNDA:0,(anonymous_2)
DA:1,2
DA:3,2
DA:4,1
DA:7,2
DA:8,0
DA:11,2
LF:6
LH:5
BRF:0
BRH:0
end_of_record
TN:
SF:src/controllers/arteController.ts
FN:5,(anonymous_8)
FN:5,(anonymous_9)
FN:32,(anonymous_10)
FN:32,(anonymous_11)
FN:53,(anonymous_12)
FN:68,(anonymous_13)
FN:68,(anonymous_14)
FN:90,(anonymous_15)
FN:90,(anonymous_16)
FNF:9
FNH:5
FNDA:2,(anonymous_8)
FNDA:2,(anonymous_9)
FNDA:5,(anonymous_10)
FNDA:5,(anonymous_11)
FNDA:12,(anonymous_12)
FNDA:0,(anonymous_13)
FNDA:0,(anonymous_14)
FNDA:0,(anonymous_15)
FNDA:0,(anonymous_16)
DA:1,2
DA:3,2
DA:5,2
DA:6,2
DA:7,2
DA:8,2
DA:10,2
DA:11,1
DA:14,1
DA:24,1
DA:25,1
DA:27,0
DA:28,0
DA:32,5
DA:33,5
DA:34,5
DA:35,5
DA:38,5
DA:39,2
DA:42,3
DA:43,1
DA:44,1
DA:46,1
DA:48,1
DA:51,2
DA:53,2
DA:54,12
DA:55,2
DA:59,2
DA:61,2
DA:63,0
DA:64,0
DA:68,2
DA:69,0
DA:70,0
DA:71,0
DA:73,0
DA:74,0
DA:78,0
DA:81,0
DA:83,0
DA:85,0
DA:86,0
DA:90,2
DA:91,0
DA:92,0
DA:93,0
DA:95,0
LF:48
LH:30
BRDA:10,0,0,1
BRDA:34,1,0,5
BRDA:34,1,1,0
BRDA:34,2,0,5
BRDA:34,2,1,5
BRDA:38,3,0,2
BRDA:42,4,0,1
BRDA:54,5,0,2
BRDA:73,6,0,0
BRF:9
BRH:7
end_of_record
TN:
SF:src/controllers/userController.ts
FN:8,(anonymous_14)
FN:8,(anonymous_15)
FN:36,(anonymous_16)
FN:36,(anonymous_17)
FN:48,(anonymous_18)
FN:64,(anonymous_19)
FN:78,(anonymous_20)
FN:78,(anonymous_21)
FN:95,(anonymous_22)
FN:95,(anonymous_23)
FN:104,(anonymous_24)
FN:104,(anonymous_25)
FNF:12
FNH:12
FNDA:3,(anonymous_14)
FNDA:3,(anonymous_15)
FNDA:4,(anonymous_16)
FNDA:4,(anonymous_17)
FNDA:2,(anonymous_18)
FNDA:8,(anonymous_19)
FNDA:3,(anonymous_20)
FNDA:3,(anonymous_21)
FNDA:2,(anonymous_22)
FNDA:2,(anonymous_23)
FNDA:4,(anonymous_24)
FNDA:4,(anonymous_25)
DA:1,2
DA:4,2
DA:5,2
DA:6,2
DA:8,3
DA:9,3
DA:10,3
DA:12,2
DA:13,1
DA:16,1
DA:18,1
DA:27,1
DA:29,1
DA:30,1
DA:32,1
DA:36,4
DA:37,4
DA:38,4
DA:39,4
DA:41,3
DA:42,1
DA:45,2
DA:47,2
DA:48,1
DA:49,2
DA:52,2
DA:53,0
DA:54,0
DA:55,2
DA:56,0
DA:57,0
DA:62,2
DA:64,2
DA:65,8
DA:66,5
DA:70,2
DA:72,2
DA:74,1
DA:78,3
DA:79,3
DA:80,3
DA:81,2
DA:82,1
DA:85,1
DA:86,1
DA:88,1
DA:89,1
DA:91,1
DA:95,2
DA:96,2
DA:97,2
DA:98,1
DA:100,1
DA:104,4
DA:105,4
DA:107,4
DA:108,4
DA:110,3
DA:111,1
DA:114,2
DA:115,1
DA:118,1
DA:120,1
DA:121,0
DA:124,1
DA:126,1
DA:128,1
LF:67
LH:62
BRDA:12,0,0,1
BRDA:12,1,0,2
BRDA:12,1,1,1
BRDA:38,2,0,4
BRDA:38,2,1,0
BRDA:38,3,0,4
BRDA:38,3,1,4
BRDA:41,4,0,1
BRDA:47,5,0,1
BRDA:52,6,0,0
BRDA:52,6,1,2
BRDA:55,7,0,0
BRDA:65,8,0,5
BRDA:81,9,0,1
BRDA:110,10,0,1
BRDA:114,11,0,1
BRDA:120,12,0,0
BRF:17
BRH:13
end_of_record
TN:
SF:src/middleware/authMiddleware.ts
FN:7,(anonymous_7)
FN:11,(anonymous_8)
FNF:2
FNH:0
FNDA:0,(anonymous_7)
FNDA:0,(anonymous_8)
DA:2,1
DA:7,1
DA:11,0
DA:12,0
DA:14,0
DA:15,0
DA:16,0
DA:19,0
DA:20,0
DA:23,0
DA:25,0
DA:27,0
DA:28,0
DA:32,1
LF:14
LH:3
BRDA:14,0,0,0
BRF:1
BRH:0
end_of_record
TN:
SF:src/middleware/uploadMiddleware.ts
FN:14,(anonymous_8)
FN:28,(anonymous_9)
FN:37,(anonymous_10)
FN:57,(anonymous_11)
FN:62,(anonymous_12)
FN:62,(anonymous_13)
FN:75,(anonymous_14)
FN:88,(anonymous_15)
FN:98,(anonymous_16)
FN:103,(anonymous_17)
FN:103,(anonymous_18)
FN:119,(anonymous_19)
FN:137,(anonymous_20)
FN:142,(anonymous_21)
FN:142,(anonymous_22)
FN:160,(anonymous_23)
FN:172,(anonymous_24)
FN:172,(anonymous_25)
FN:194,(anonymous_26)
FN:199,(anonymous_27)
FN:199,(anonymous_28)
FN:221,(anonymous_29)
FN:226,(anonymous_30)
FN:226,(anonymous_31)
FN:242,(anonymous_32)
FN:242,(anonymous_33)
FNF:26
FNH:2
FNDA:0,(anonymous_8)
FNDA:0,(anonymous_9)
FNDA:0,(anonymous_10)
FNDA:0,(anonymous_11)
FNDA:0,(anonymous_12)
FNDA:0,(anonymous_13)
FNDA:0,(anonymous_14)
FNDA:0,(anonymous_15)
FNDA:0,(anonymous_16)
FNDA:0,(anonymous_17)
FNDA:0,(anonymous_18)
FNDA:0,(anonymous_19)
FNDA:0,(anonymous_20)
FNDA:0,(anonymous_21)
FNDA:0,(anonymous_22)
FNDA:0,(anonymous_23)
FNDA:0,(anonymous_24)
FNDA:0,(anonymous_25)
FNDA:0,(anonymous_26)
FNDA:0,(anonymous_27)
FNDA:0,(anonymous_28)
FNDA:0,(anonymous_29)
FNDA:0,(anonymous_30)
FNDA:0,(anonymous_31)
FNDA:3,(anonymous_32)
FNDA:3,(anonymous_33)
DA:1,3
DA:2,3
DA:5,3
DA:6,3
DA:9,3
DA:15,0
DA:16,0
DA:18,0
DA:23,3
DA:29,0
DA:30,0
DA:32,0
DA:37,3
DA:38,0
DA:41,0
DA:42,0
DA:45,0
DA:47,0
DA:48,0
DA:50,0
DA:51,0
DA:57,0
DA:58,0
DA:59,0
DA:62,0
DA:63,0
DA:64,0
DA:65,0
DA:68,0
DA:70,0
DA:71,0
DA:75,3
DA:76,0
DA:79,0
DA:80,0
DA:83,0
DA:84,0
DA:86,0
DA:88,0
DA:89,0
DA:91,0
DA:92,0
DA:98,0
DA:99,0
DA:100,0
DA:103,0
DA:104,0
DA:105,0
DA:108,0
DA:111,0
DA:113,0
DA:114,0
DA:119,3
DA:120,0
DA:121,0
DA:122,0
DA:125,0
DA:127,0
DA:128,0
DA:130,0
DA:131,0
DA:137,0
DA:138,0
DA:139,0
DA:142,0
DA:143,0
DA:144,0
DA:145,0
DA:148,0
DA:150,0
DA:151,0
DA:155,3
DA:161,0
DA:162,0
DA:164,0
DA:172,3
DA:173,0
DA:174,0
DA:175,0
DA:178,0
DA:181,0
DA:182,0
DA:183,0
DA:185,0
DA:187,0
DA:188,0
DA:194,0
DA:195,0
DA:196,0
DA:199,0
DA:200,0
DA:201,0
DA:204,0
DA:208,0
DA:209,0
DA:210,0
DA:212,0
DA:214,0
DA:215,0
DA:221,0
DA:222,0
DA:223,0
DA:226,0
DA:227,0
DA:228,0
DA:231,0
DA:234,0
DA:236,0
DA:237,0
DA:242,3
DA:243,3
DA:244,3
DA:245,0
DA:246,0
DA:248,3
DA:250,3
DA:251,3
DA:252,0
DA:253,0
DA:255,3
DA:258,0
DA:259,0
LF:122
LH:18
BRDA:15,0,0,0
BRDA:15,0,1,0
BRDA:29,1,0,0
BRDA:29,1,1,0
BRDA:41,2,0,0
BRDA:79,3,0,0
BRDA:79,4,0,0
BRDA:79,4,1,0
BRDA:89,5,0,0
BRDA:89,5,1,0
BRDA:121,6,0,0
BRDA:161,7,0,0
BRDA:161,7,1,0
BRDA:174,8,0,0
BRDA:174,9,0,0
BRDA:174,9,1,0
BRDA:181,10,0,0
BRDA:208,11,0,0
BRDA:244,12,0,0
BRDA:251,13,0,0
BRDA:251,13,1,3
BRF:21
BRH:1
end_of_record
TN:
SF:src/models/Arte.ts
FNF:0
FNH:0
DA:1,2
DA:3,2
DA:5,2
DA:15,2
LF:4
LH:4
BRF:0
BRH:0
end_of_record
TN:
SF:src/models/User.ts
FNF:0
FNH:0
DA:1,2
DA:3,2
DA:5,2
DA:14,2
LF:4
LH:4
BRF:0
BRH:0
end_of_record
TN:
SF:src/routes/arteRoute.ts
FNF:0
FNH:0
DA:1,1
DA:2,1
DA:3,1
DA:4,1
DA:6,1
DA:9,1
DA:11,1
DA:13,1
DA:15,1
DA:17,1
LF:10
LH:10
BRF:0
BRH:0
end_of_record
TN:
SF:src/routes/userRoute.ts
FNF:0
FNH:0
DA:1,1
DA:2,1
DA:3,1
DA:4,1
DA:6,1
DA:8,1
DA:10,1
DA:12,1
DA:14,1
DA:16,1
DA:18,1
LF:11
LH:11
BRF:0
BRH:0
end_of_record
